2020-06-16 00:26:29,222 INFO 5862 [egg-schedule]: register schedule /home/hongyan/Desktop/hongyan/my-egg/node_modules/egg-multipart/app/schedule/clean_tmpdir.js
2020-06-16 00:26:29,234 INFO 5862 [egg-schedule]: register schedule /home/hongyan/Desktop/hongyan/my-egg/node_modules/egg-logrotator/app/schedule/clean_log.js
2020-06-16 00:26:29,234 INFO 5862 [egg-schedule]: register schedule /home/hongyan/Desktop/hongyan/my-egg/node_modules/egg-logrotator/app/schedule/rotate_by_file.js
2020-06-16 00:26:35,517 INFO 5847 [Timer] /home/hongyan/Desktop/hongyan/my-egg/node_modules/egg-multipart/app/schedule/clean_tmpdir.js next time will execute after 14604556ms at 2020-06-16 04:30:00.068
2020-06-16 00:26:35,548 INFO 5847 [Timer] /home/hongyan/Desktop/hongyan/my-egg/node_modules/egg-logrotator/app/schedule/clean_log.js next time will execute after 84804462ms at 2020-06-17 00:00:00.009
2020-06-16 00:26:35,561 INFO 5847 [Timer] /home/hongyan/Desktop/hongyan/my-egg/node_modules/egg-logrotator/app/schedule/rotate_by_file.js next time will execute after 84805452ms at 2020-06-17 00:00:01.005
2020-06-16 00:43:11,105 INFO 6315 [Timer] /home/hongyan/Desktop/hongyan/my-egg/node_modules/egg-multipart/app/schedule/clean_tmpdir.js next time will execute after 13608898ms at 2020-06-16 04:30:00.003
2020-06-16 00:43:11,106 INFO 6315 [Timer] /home/hongyan/Desktop/hongyan/my-egg/node_modules/egg-logrotator/app/schedule/clean_log.js next time will execute after 83808894ms at 2020-06-17 00:00:00.000
2020-06-16 00:43:11,107 INFO 6315 [Timer] /home/hongyan/Desktop/hongyan/my-egg/node_modules/egg-logrotator/app/schedule/rotate_by_file.js next time will execute after 83809894ms at 2020-06-17 00:00:01.001
2020-06-16 00:43:10,984 INFO 6326 [egg-schedule]: register schedule /home/hongyan/Desktop/hongyan/my-egg/node_modules/egg-multipart/app/schedule/clean_tmpdir.js
2020-06-16 00:43:10,984 INFO 6326 [egg-schedule]: register schedule /home/hongyan/Desktop/hongyan/my-egg/node_modules/egg-logrotator/app/schedule/clean_log.js
2020-06-16 00:43:10,984 INFO 6326 [egg-schedule]: register schedule /home/hongyan/Desktop/hongyan/my-egg/node_modules/egg-logrotator/app/schedule/rotate_by_file.js
2020-06-16 00:43:55,699 INFO 6363 [egg-schedule]: register schedule /home/hongyan/Desktop/hongyan/my-egg/node_modules/egg-multipart/app/schedule/clean_tmpdir.js
2020-06-16 00:43:55,699 INFO 6363 [egg-schedule]: register schedule /home/hongyan/Desktop/hongyan/my-egg/node_modules/egg-logrotator/app/schedule/clean_log.js
2020-06-16 00:43:55,699 INFO 6363 [egg-schedule]: register schedule /home/hongyan/Desktop/hongyan/my-egg/node_modules/egg-logrotator/app/schedule/rotate_by_file.js
2020-06-16 01:01:38,721 INFO 6548 [egg-schedule]: register schedule /home/hongyan/Desktop/hongyan/my-egg/node_modules/egg-multipart/app/schedule/clean_tmpdir.js
2020-06-16 01:01:38,721 INFO 6548 [egg-schedule]: register schedule /home/hongyan/Desktop/hongyan/my-egg/node_modules/egg-logrotator/app/schedule/clean_log.js
2020-06-16 01:01:38,721 INFO 6548 [egg-schedule]: register schedule /home/hongyan/Desktop/hongyan/my-egg/node_modules/egg-logrotator/app/schedule/rotate_by_file.js
2020-06-16 20:15:01,254 INFO 3127 [egg-schedule]: register schedule /home/hongyan/Desktop/hongyan/my-egg/node_modules/egg-multipart/app/schedule/clean_tmpdir.js
2020-06-16 20:15:01,254 INFO 3127 [egg-schedule]: register schedule /home/hongyan/Desktop/hongyan/my-egg/node_modules/egg-logrotator/app/schedule/clean_log.js
2020-06-16 20:15:01,254 INFO 3127 [egg-schedule]: register schedule /home/hongyan/Desktop/hongyan/my-egg/node_modules/egg-logrotator/app/schedule/rotate_by_file.js
2020-06-16 20:15:01,946 INFO 3116 [Timer] /home/hongyan/Desktop/hongyan/my-egg/node_modules/egg-multipart/app/schedule/clean_tmpdir.js next time will execute after 29698058ms at 2020-06-17 04:30:00.004
2020-06-16 20:15:01,946 INFO 3116 [Timer] /home/hongyan/Desktop/hongyan/my-egg/node_modules/egg-logrotator/app/schedule/clean_log.js next time will execute after 13498054ms at 2020-06-17 00:00:00.000
2020-06-16 20:15:01,946 INFO 3116 [Timer] /home/hongyan/Desktop/hongyan/my-egg/node_modules/egg-logrotator/app/schedule/rotate_by_file.js next time will execute after 13499054ms at 2020-06-17 00:00:01.000
2020-06-16 20:23:18,634 INFO 3963 [egg-schedule]: register schedule /home/hongyan/Desktop/hongyan/my-egg/node_modules/egg-multipart/app/schedule/clean_tmpdir.js
2020-06-16 20:23:18,634 INFO 3963 [egg-schedule]: register schedule /home/hongyan/Desktop/hongyan/my-egg/node_modules/egg-logrotator/app/schedule/clean_log.js
2020-06-16 20:23:18,634 INFO 3963 [egg-schedule]: register schedule /home/hongyan/Desktop/hongyan/my-egg/node_modules/egg-logrotator/app/schedule/rotate_by_file.js
2020-06-16 20:26:03,540 INFO 4124 [egg-schedule]: register schedule /home/hongyan/Desktop/hongyan/my-egg/node_modules/egg-multipart/app/schedule/clean_tmpdir.js
2020-06-16 20:26:03,540 INFO 4124 [egg-schedule]: register schedule /home/hongyan/Desktop/hongyan/my-egg/node_modules/egg-logrotator/app/schedule/clean_log.js
2020-06-16 20:26:03,540 INFO 4124 [egg-schedule]: register schedule /home/hongyan/Desktop/hongyan/my-egg/node_modules/egg-logrotator/app/schedule/rotate_by_file.js
2020-06-17 15:14:06,751 INFO 5876 [egg-schedule]: register schedule D:\workspace\my-egg\node_modules\egg-multipart\app\schedule\clean_tmpdir.js
2020-06-17 15:14:06,751 INFO 5876 [egg-schedule]: register schedule D:\workspace\my-egg\node_modules\egg-logrotator\app\schedule\clean_log.js
2020-06-17 15:14:06,751 INFO 5876 [egg-schedule]: register schedule D:\workspace\my-egg\node_modules\egg-logrotator\app\schedule\rotate_by_file.js
2020-06-17 15:14:06,867 INFO 3776 [Timer] D:\workspace\my-egg\node_modules\egg-multipart\app\schedule\clean_tmpdir.js next time will execute after 47753137ms at 2020-06-18 04:30:00.004
2020-06-17 15:14:06,868 INFO 3776 [Timer] D:\workspace\my-egg\node_modules\egg-logrotator\app\schedule\clean_log.js next time will execute after 31553132ms at 2020-06-18 00:00:00.000
2020-06-17 15:14:06,868 INFO 3776 [Timer] D:\workspace\my-egg\node_modules\egg-logrotator\app\schedule\rotate_by_file.js next time will execute after 31554132ms at 2020-06-18 00:00:01.000
2020-06-17 15:18:12,905 INFO 11968 [egg-schedule]: register schedule D:\workspace\my-egg\node_modules\egg-multipart\app\schedule\clean_tmpdir.js
2020-06-17 15:18:12,905 INFO 11968 [egg-schedule]: register schedule D:\workspace\my-egg\node_modules\egg-logrotator\app\schedule\clean_log.js
2020-06-17 15:18:12,905 INFO 11968 [egg-schedule]: register schedule D:\workspace\my-egg\node_modules\egg-logrotator\app\schedule\rotate_by_file.js
2020-06-17 16:01:11,310 INFO 2240 [egg-schedule]: register schedule D:\workspace\my-egg\node_modules\egg-multipart\app\schedule\clean_tmpdir.js
2020-06-17 16:01:11,310 INFO 2240 [egg-schedule]: register schedule D:\workspace\my-egg\node_modules\egg-logrotator\app\schedule\clean_log.js
2020-06-17 16:01:11,310 INFO 2240 [egg-schedule]: register schedule D:\workspace\my-egg\node_modules\egg-logrotator\app\schedule\rotate_by_file.js
2020-06-17 16:01:13,110 INFO 9344 [egg-schedule]: register schedule D:\workspace\my-egg\node_modules\egg-multipart\app\schedule\clean_tmpdir.js
2020-06-17 16:01:13,110 INFO 9344 [egg-schedule]: register schedule D:\workspace\my-egg\node_modules\egg-logrotator\app\schedule\clean_log.js
2020-06-17 16:01:13,110 INFO 9344 [egg-schedule]: register schedule D:\workspace\my-egg\node_modules\egg-logrotator\app\schedule\rotate_by_file.js
2020-06-17 16:01:46,519 INFO 3972 [egg-schedule]: register schedule D:\workspace\my-egg\node_modules\egg-multipart\app\schedule\clean_tmpdir.js
2020-06-17 16:01:46,519 INFO 3972 [egg-schedule]: register schedule D:\workspace\my-egg\node_modules\egg-logrotator\app\schedule\clean_log.js
2020-06-17 16:01:46,519 INFO 3972 [egg-schedule]: register schedule D:\workspace\my-egg\node_modules\egg-logrotator\app\schedule\rotate_by_file.js
2020-06-17 16:02:02,432 INFO 2464 [egg-schedule]: register schedule D:\workspace\my-egg\node_modules\egg-multipart\app\schedule\clean_tmpdir.js
2020-06-17 16:02:02,432 INFO 2464 [egg-schedule]: register schedule D:\workspace\my-egg\node_modules\egg-logrotator\app\schedule\clean_log.js
2020-06-17 16:02:02,432 INFO 2464 [egg-schedule]: register schedule D:\workspace\my-egg\node_modules\egg-logrotator\app\schedule\rotate_by_file.js
2020-06-17 16:03:15,870 INFO 8792 [egg-schedule]: register schedule D:\workspace\my-egg\node_modules\egg-multipart\app\schedule\clean_tmpdir.js
2020-06-17 16:03:15,870 INFO 8792 [egg-schedule]: register schedule D:\workspace\my-egg\node_modules\egg-logrotator\app\schedule\clean_log.js
2020-06-17 16:03:15,870 INFO 8792 [egg-schedule]: register schedule D:\workspace\my-egg\node_modules\egg-logrotator\app\schedule\rotate_by_file.js
2020-06-17 16:03:49,139 INFO 11656 [egg-schedule]: register schedule D:\workspace\my-egg\node_modules\egg-multipart\app\schedule\clean_tmpdir.js
2020-06-17 16:03:49,139 INFO 11656 [egg-schedule]: register schedule D:\workspace\my-egg\node_modules\egg-logrotator\app\schedule\clean_log.js
2020-06-17 16:03:49,139 INFO 11656 [egg-schedule]: register schedule D:\workspace\my-egg\node_modules\egg-logrotator\app\schedule\rotate_by_file.js
2020-06-17 16:04:49,469 INFO 2700 [egg-schedule]: register schedule D:\workspace\my-egg\node_modules\egg-multipart\app\schedule\clean_tmpdir.js
2020-06-17 16:04:49,469 INFO 2700 [egg-schedule]: register schedule D:\workspace\my-egg\node_modules\egg-logrotator\app\schedule\clean_log.js
2020-06-17 16:04:49,469 INFO 2700 [egg-schedule]: register schedule D:\workspace\my-egg\node_modules\egg-logrotator\app\schedule\rotate_by_file.js
2020-06-17 16:06:59,390 INFO 8140 [egg-schedule]: register schedule D:\workspace\my-egg\node_modules\egg-multipart\app\schedule\clean_tmpdir.js
2020-06-17 16:06:59,391 INFO 8140 [egg-schedule]: register schedule D:\workspace\my-egg\node_modules\egg-logrotator\app\schedule\clean_log.js
2020-06-17 16:06:59,391 INFO 8140 [egg-schedule]: register schedule D:\workspace\my-egg\node_modules\egg-logrotator\app\schedule\rotate_by_file.js
2020-06-17 16:08:10,023 INFO 10456 [egg-schedule]: register schedule D:\workspace\my-egg\node_modules\egg-multipart\app\schedule\clean_tmpdir.js
2020-06-17 16:08:10,023 INFO 10456 [egg-schedule]: register schedule D:\workspace\my-egg\node_modules\egg-logrotator\app\schedule\clean_log.js
2020-06-17 16:08:10,023 INFO 10456 [egg-schedule]: register schedule D:\workspace\my-egg\node_modules\egg-logrotator\app\schedule\rotate_by_file.js
2020-06-17 16:08:50,585 INFO 5648 [egg-schedule]: register schedule D:\workspace\my-egg\node_modules\egg-multipart\app\schedule\clean_tmpdir.js
2020-06-17 16:08:50,585 INFO 5648 [egg-schedule]: register schedule D:\workspace\my-egg\node_modules\egg-logrotator\app\schedule\clean_log.js
2020-06-17 16:08:50,585 INFO 5648 [egg-schedule]: register schedule D:\workspace\my-egg\node_modules\egg-logrotator\app\schedule\rotate_by_file.js
2020-06-17 16:09:54,331 INFO 9420 [egg-schedule]: register schedule D:\workspace\my-egg\node_modules\egg-multipart\app\schedule\clean_tmpdir.js
2020-06-17 16:09:54,332 INFO 9420 [egg-schedule]: register schedule D:\workspace\my-egg\node_modules\egg-logrotator\app\schedule\clean_log.js
2020-06-17 16:09:54,332 INFO 9420 [egg-schedule]: register schedule D:\workspace\my-egg\node_modules\egg-logrotator\app\schedule\rotate_by_file.js
2020-06-17 16:10:29,267 INFO 8768 [egg-schedule]: register schedule D:\workspace\my-egg\node_modules\egg-multipart\app\schedule\clean_tmpdir.js
2020-06-17 16:10:29,267 INFO 8768 [egg-schedule]: register schedule D:\workspace\my-egg\node_modules\egg-logrotator\app\schedule\clean_log.js
2020-06-17 16:10:29,267 INFO 8768 [egg-schedule]: register schedule D:\workspace\my-egg\node_modules\egg-logrotator\app\schedule\rotate_by_file.js
2020-06-17 16:10:49,091 INFO 7240 [egg-schedule]: register schedule D:\workspace\my-egg\node_modules\egg-multipart\app\schedule\clean_tmpdir.js
2020-06-17 16:10:49,091 INFO 7240 [egg-schedule]: register schedule D:\workspace\my-egg\node_modules\egg-logrotator\app\schedule\clean_log.js
2020-06-17 16:10:49,091 INFO 7240 [egg-schedule]: register schedule D:\workspace\my-egg\node_modules\egg-logrotator\app\schedule\rotate_by_file.js
2020-06-17 16:10:52,043 INFO 9136 [egg-schedule]: register schedule D:\workspace\my-egg\node_modules\egg-multipart\app\schedule\clean_tmpdir.js
2020-06-17 16:10:52,043 INFO 9136 [egg-schedule]: register schedule D:\workspace\my-egg\node_modules\egg-logrotator\app\schedule\clean_log.js
2020-06-17 16:10:52,043 INFO 9136 [egg-schedule]: register schedule D:\workspace\my-egg\node_modules\egg-logrotator\app\schedule\rotate_by_file.js
2020-06-17 16:11:15,506 INFO 5780 [egg-schedule]: register schedule D:\workspace\my-egg\node_modules\egg-multipart\app\schedule\clean_tmpdir.js
2020-06-17 16:11:15,506 INFO 5780 [egg-schedule]: register schedule D:\workspace\my-egg\node_modules\egg-logrotator\app\schedule\clean_log.js
2020-06-17 16:11:15,506 INFO 5780 [egg-schedule]: register schedule D:\workspace\my-egg\node_modules\egg-logrotator\app\schedule\rotate_by_file.js
2020-06-17 16:14:33,361 INFO 1464 [egg-schedule]: register schedule D:\workspace\my-egg\node_modules\egg-multipart\app\schedule\clean_tmpdir.js
2020-06-17 16:14:33,361 INFO 1464 [egg-schedule]: register schedule D:\workspace\my-egg\node_modules\egg-logrotator\app\schedule\clean_log.js
2020-06-17 16:14:33,362 INFO 1464 [egg-schedule]: register schedule D:\workspace\my-egg\node_modules\egg-logrotator\app\schedule\rotate_by_file.js
2020-06-17 16:15:19,152 INFO 1884 [egg-schedule]: register schedule D:\workspace\my-egg\node_modules\egg-multipart\app\schedule\clean_tmpdir.js
2020-06-17 16:15:19,152 INFO 1884 [egg-schedule]: register schedule D:\workspace\my-egg\node_modules\egg-logrotator\app\schedule\clean_log.js
2020-06-17 16:15:19,152 INFO 1884 [egg-schedule]: register schedule D:\workspace\my-egg\node_modules\egg-logrotator\app\schedule\rotate_by_file.js
2020-06-17 16:15:32,374 INFO 12180 [egg-schedule]: register schedule D:\workspace\my-egg\node_modules\egg-multipart\app\schedule\clean_tmpdir.js
2020-06-17 16:15:32,375 INFO 12180 [egg-schedule]: register schedule D:\workspace\my-egg\node_modules\egg-logrotator\app\schedule\clean_log.js
2020-06-17 16:15:32,375 INFO 12180 [egg-schedule]: register schedule D:\workspace\my-egg\node_modules\egg-logrotator\app\schedule\rotate_by_file.js
2020-06-17 16:15:56,944 INFO 2620 [egg-schedule]: register schedule D:\workspace\my-egg\node_modules\egg-multipart\app\schedule\clean_tmpdir.js
2020-06-17 16:15:56,944 INFO 2620 [egg-schedule]: register schedule D:\workspace\my-egg\node_modules\egg-logrotator\app\schedule\clean_log.js
2020-06-17 16:15:56,944 INFO 2620 [egg-schedule]: register schedule D:\workspace\my-egg\node_modules\egg-logrotator\app\schedule\rotate_by_file.js
2020-06-17 16:16:42,894 INFO 10948 [egg-schedule]: register schedule D:\workspace\my-egg\node_modules\egg-multipart\app\schedule\clean_tmpdir.js
2020-06-17 16:16:42,894 INFO 10948 [egg-schedule]: register schedule D:\workspace\my-egg\node_modules\egg-logrotator\app\schedule\clean_log.js
2020-06-17 16:16:42,894 INFO 10948 [egg-schedule]: register schedule D:\workspace\my-egg\node_modules\egg-logrotator\app\schedule\rotate_by_file.js
2020-06-17 16:17:22,240 INFO 11700 [egg-schedule]: register schedule D:\workspace\my-egg\node_modules\egg-multipart\app\schedule\clean_tmpdir.js
2020-06-17 16:17:22,240 INFO 11700 [egg-schedule]: register schedule D:\workspace\my-egg\node_modules\egg-logrotator\app\schedule\clean_log.js
2020-06-17 16:17:22,240 INFO 11700 [egg-schedule]: register schedule D:\workspace\my-egg\node_modules\egg-logrotator\app\schedule\rotate_by_file.js
2020-06-17 16:17:54,114 INFO 2552 [egg-schedule]: register schedule D:\workspace\my-egg\node_modules\egg-multipart\app\schedule\clean_tmpdir.js
2020-06-17 16:17:54,114 INFO 2552 [egg-schedule]: register schedule D:\workspace\my-egg\node_modules\egg-logrotator\app\schedule\clean_log.js
2020-06-17 16:17:54,114 INFO 2552 [egg-schedule]: register schedule D:\workspace\my-egg\node_modules\egg-logrotator\app\schedule\rotate_by_file.js
2020-06-17 16:18:20,313 INFO 11888 [egg-schedule]: register schedule D:\workspace\my-egg\node_modules\egg-multipart\app\schedule\clean_tmpdir.js
2020-06-17 16:18:20,313 INFO 11888 [egg-schedule]: register schedule D:\workspace\my-egg\node_modules\egg-logrotator\app\schedule\clean_log.js
2020-06-17 16:18:20,313 INFO 11888 [egg-schedule]: register schedule D:\workspace\my-egg\node_modules\egg-logrotator\app\schedule\rotate_by_file.js
2020-06-17 16:20:26,492 INFO 7660 [egg-schedule]: register schedule D:\workspace\my-egg\node_modules\egg-multipart\app\schedule\clean_tmpdir.js
2020-06-17 16:20:26,492 INFO 7660 [egg-schedule]: register schedule D:\workspace\my-egg\node_modules\egg-logrotator\app\schedule\clean_log.js
2020-06-17 16:20:26,492 INFO 7660 [egg-schedule]: register schedule D:\workspace\my-egg\node_modules\egg-logrotator\app\schedule\rotate_by_file.js
2020-06-17 16:20:31,973 INFO 6512 [egg-schedule]: register schedule D:\workspace\my-egg\node_modules\egg-multipart\app\schedule\clean_tmpdir.js
2020-06-17 16:20:31,973 INFO 6512 [egg-schedule]: register schedule D:\workspace\my-egg\node_modules\egg-logrotator\app\schedule\clean_log.js
2020-06-17 16:20:31,973 INFO 6512 [egg-schedule]: register schedule D:\workspace\my-egg\node_modules\egg-logrotator\app\schedule\rotate_by_file.js
2020-06-17 16:21:57,712 INFO 11812 [egg-schedule]: register schedule D:\workspace\my-egg\node_modules\egg-multipart\app\schedule\clean_tmpdir.js
2020-06-17 16:21:57,712 INFO 11812 [egg-schedule]: register schedule D:\workspace\my-egg\node_modules\egg-logrotator\app\schedule\clean_log.js
2020-06-17 16:21:57,712 INFO 11812 [egg-schedule]: register schedule D:\workspace\my-egg\node_modules\egg-logrotator\app\schedule\rotate_by_file.js
2020-06-17 16:22:02,598 INFO 3300 [egg-schedule]: register schedule D:\workspace\my-egg\node_modules\egg-multipart\app\schedule\clean_tmpdir.js
2020-06-17 16:22:02,598 INFO 3300 [egg-schedule]: register schedule D:\workspace\my-egg\node_modules\egg-logrotator\app\schedule\clean_log.js
2020-06-17 16:22:02,598 INFO 3300 [egg-schedule]: register schedule D:\workspace\my-egg\node_modules\egg-logrotator\app\schedule\rotate_by_file.js
2020-06-17 16:22:33,736 INFO 2148 [egg-schedule]: register schedule D:\workspace\my-egg\node_modules\egg-multipart\app\schedule\clean_tmpdir.js
2020-06-17 16:22:33,736 INFO 2148 [egg-schedule]: register schedule D:\workspace\my-egg\node_modules\egg-logrotator\app\schedule\clean_log.js
2020-06-17 16:22:33,736 INFO 2148 [egg-schedule]: register schedule D:\workspace\my-egg\node_modules\egg-logrotator\app\schedule\rotate_by_file.js
2020-06-17 16:54:07,848 INFO 3324 [egg-schedule]: register schedule D:\workspace\my-egg\node_modules\egg-multipart\app\schedule\clean_tmpdir.js
2020-06-17 16:54:07,848 INFO 3324 [egg-schedule]: register schedule D:\workspace\my-egg\node_modules\egg-logrotator\app\schedule\clean_log.js
2020-06-17 16:54:07,848 INFO 3324 [egg-schedule]: register schedule D:\workspace\my-egg\node_modules\egg-logrotator\app\schedule\rotate_by_file.js
2020-06-17 16:54:57,814 INFO 4580 [egg-schedule]: register schedule D:\workspace\my-egg\node_modules\egg-multipart\app\schedule\clean_tmpdir.js
2020-06-17 16:54:57,814 INFO 4580 [egg-schedule]: register schedule D:\workspace\my-egg\node_modules\egg-logrotator\app\schedule\clean_log.js
2020-06-17 16:54:57,814 INFO 4580 [egg-schedule]: register schedule D:\workspace\my-egg\node_modules\egg-logrotator\app\schedule\rotate_by_file.js
2020-06-17 16:55:09,065 INFO 11916 [egg-schedule]: register schedule D:\workspace\my-egg\node_modules\egg-multipart\app\schedule\clean_tmpdir.js
2020-06-17 16:55:09,065 INFO 11916 [egg-schedule]: register schedule D:\workspace\my-egg\node_modules\egg-logrotator\app\schedule\clean_log.js
2020-06-17 16:55:09,065 INFO 11916 [egg-schedule]: register schedule D:\workspace\my-egg\node_modules\egg-logrotator\app\schedule\rotate_by_file.js
2020-06-17 16:55:38,449 INFO 8448 [egg-schedule]: register schedule D:\workspace\my-egg\node_modules\egg-multipart\app\schedule\clean_tmpdir.js
2020-06-17 16:55:38,449 INFO 8448 [egg-schedule]: register schedule D:\workspace\my-egg\node_modules\egg-logrotator\app\schedule\clean_log.js
2020-06-17 16:55:38,449 INFO 8448 [egg-schedule]: register schedule D:\workspace\my-egg\node_modules\egg-logrotator\app\schedule\rotate_by_file.js
2020-06-17 16:56:07,854 INFO 3960 [egg-schedule]: register schedule D:\workspace\my-egg\node_modules\egg-multipart\app\schedule\clean_tmpdir.js
2020-06-17 16:56:07,854 INFO 3960 [egg-schedule]: register schedule D:\workspace\my-egg\node_modules\egg-logrotator\app\schedule\clean_log.js
2020-06-17 16:56:07,854 INFO 3960 [egg-schedule]: register schedule D:\workspace\my-egg\node_modules\egg-logrotator\app\schedule\rotate_by_file.js
2020-06-17 16:56:26,289 INFO 9464 [egg-schedule]: register schedule D:\workspace\my-egg\node_modules\egg-multipart\app\schedule\clean_tmpdir.js
2020-06-17 16:56:26,289 INFO 9464 [egg-schedule]: register schedule D:\workspace\my-egg\node_modules\egg-logrotator\app\schedule\clean_log.js
2020-06-17 16:56:26,290 INFO 9464 [egg-schedule]: register schedule D:\workspace\my-egg\node_modules\egg-logrotator\app\schedule\rotate_by_file.js
2020-06-17 16:57:25,440 INFO 3148 [egg-schedule]: register schedule D:\workspace\my-egg\node_modules\egg-multipart\app\schedule\clean_tmpdir.js
2020-06-17 16:57:25,440 INFO 3148 [egg-schedule]: register schedule D:\workspace\my-egg\node_modules\egg-logrotator\app\schedule\clean_log.js
2020-06-17 16:57:25,440 INFO 3148 [egg-schedule]: register schedule D:\workspace\my-egg\node_modules\egg-logrotator\app\schedule\rotate_by_file.js
2020-06-17 16:57:41,318 INFO 11328 [egg-schedule]: register schedule D:\workspace\my-egg\node_modules\egg-multipart\app\schedule\clean_tmpdir.js
2020-06-17 16:57:41,318 INFO 11328 [egg-schedule]: register schedule D:\workspace\my-egg\node_modules\egg-logrotator\app\schedule\clean_log.js
2020-06-17 16:57:41,318 INFO 11328 [egg-schedule]: register schedule D:\workspace\my-egg\node_modules\egg-logrotator\app\schedule\rotate_by_file.js
2020-06-17 16:57:49,315 INFO 12132 [egg-schedule]: register schedule D:\workspace\my-egg\node_modules\egg-multipart\app\schedule\clean_tmpdir.js
2020-06-17 16:57:49,315 INFO 12132 [egg-schedule]: register schedule D:\workspace\my-egg\node_modules\egg-logrotator\app\schedule\clean_log.js
2020-06-17 16:57:49,315 INFO 12132 [egg-schedule]: register schedule D:\workspace\my-egg\node_modules\egg-logrotator\app\schedule\rotate_by_file.js
2020-06-17 16:58:03,011 INFO 5112 [egg-schedule]: register schedule D:\workspace\my-egg\node_modules\egg-multipart\app\schedule\clean_tmpdir.js
2020-06-17 16:58:03,011 INFO 5112 [egg-schedule]: register schedule D:\workspace\my-egg\node_modules\egg-logrotator\app\schedule\clean_log.js
2020-06-17 16:58:03,011 INFO 5112 [egg-schedule]: register schedule D:\workspace\my-egg\node_modules\egg-logrotator\app\schedule\rotate_by_file.js
2020-06-17 16:58:48,359 INFO 812 [egg-schedule]: register schedule D:\workspace\my-egg\node_modules\egg-multipart\app\schedule\clean_tmpdir.js
2020-06-17 16:58:48,359 INFO 812 [egg-schedule]: register schedule D:\workspace\my-egg\node_modules\egg-logrotator\app\schedule\clean_log.js
2020-06-17 16:58:48,359 INFO 812 [egg-schedule]: register schedule D:\workspace\my-egg\node_modules\egg-logrotator\app\schedule\rotate_by_file.js
2020-06-17 16:59:02,544 INFO 11872 [egg-schedule]: register schedule D:\workspace\my-egg\node_modules\egg-multipart\app\schedule\clean_tmpdir.js
2020-06-17 16:59:02,544 INFO 11872 [egg-schedule]: register schedule D:\workspace\my-egg\node_modules\egg-logrotator\app\schedule\clean_log.js
2020-06-17 16:59:02,544 INFO 11872 [egg-schedule]: register schedule D:\workspace\my-egg\node_modules\egg-logrotator\app\schedule\rotate_by_file.js
2020-06-17 16:59:06,373 INFO 11916 [egg-schedule]: register schedule D:\workspace\my-egg\node_modules\egg-multipart\app\schedule\clean_tmpdir.js
2020-06-17 16:59:06,373 INFO 11916 [egg-schedule]: register schedule D:\workspace\my-egg\node_modules\egg-logrotator\app\schedule\clean_log.js
2020-06-17 16:59:06,373 INFO 11916 [egg-schedule]: register schedule D:\workspace\my-egg\node_modules\egg-logrotator\app\schedule\rotate_by_file.js
2020-06-17 16:59:15,511 INFO 976 [egg-schedule]: register schedule D:\workspace\my-egg\node_modules\egg-multipart\app\schedule\clean_tmpdir.js
2020-06-17 16:59:15,512 INFO 976 [egg-schedule]: register schedule D:\workspace\my-egg\node_modules\egg-logrotator\app\schedule\clean_log.js
2020-06-17 16:59:15,512 INFO 976 [egg-schedule]: register schedule D:\workspace\my-egg\node_modules\egg-logrotator\app\schedule\rotate_by_file.js
2020-06-17 16:59:18,845 INFO 11948 [egg-schedule]: register schedule D:\workspace\my-egg\node_modules\egg-multipart\app\schedule\clean_tmpdir.js
2020-06-17 16:59:18,845 INFO 11948 [egg-schedule]: register schedule D:\workspace\my-egg\node_modules\egg-logrotator\app\schedule\clean_log.js
2020-06-17 16:59:18,845 INFO 11948 [egg-schedule]: register schedule D:\workspace\my-egg\node_modules\egg-logrotator\app\schedule\rotate_by_file.js
