2020-06-15 00:00:01,524 INFO 4320 [egg-logrotator] app logger reload: got log-reload message
2020-06-16 00:26:27,356 INFO 5862 [egg:logger] init all loggers with options: {"dir":"/home/hongyan/Desktop/hongyan/my-egg/logs/my-egg","encoding":"utf8","env":"local","level":"INFO","consoleLevel":"INFO","disableConsoleAfterReady":false,"outputJSON":false,"buffer":true,"appLogName":"my-egg-web.log","coreLogName":"egg-web.log","agentLogName":"egg-agent.log","errorLogName":"common-error.log","coreLogger":{"consoleLevel":"WARN"},"allowDebugAtProd":false,"type":"application"}
2020-06-16 00:26:29,318 INFO 5862 [egg-multipart] stream mode enable
2020-06-16 00:26:32,310 INFO 5862 [egg-static] starting static serve /public/ -> /home/hongyan/Desktop/hongyan/my-egg/app/public
2020-06-16 00:26:32,573 INFO 5862 [egg-security] use csrf middleware
2020-06-16 00:26:32,711 INFO 5862 [egg-security] use methodnoallow middleware
2020-06-16 00:26:32,855 INFO 5862 [egg-security] use noopen middleware
2020-06-16 00:26:32,930 INFO 5862 [egg-security] use nosniff middleware
2020-06-16 00:26:33,040 INFO 5862 [egg-security] use xssProtection middleware
2020-06-16 00:26:33,058 INFO 5862 [egg-security] use xframe middleware
2020-06-16 00:26:33,170 INFO 5862 [egg-security] use dta middleware
2020-06-16 00:26:33,186 INFO 5862 [egg-security] compose 7 middlewares into one security middleware
2020-06-16 00:26:33,553 INFO 5862 [egg:core] dump config after load, 149ms
2020-06-16 00:26:34,394 INFO 5862 [egg-watcher:application] watcher start success
2020-06-16 00:26:35,058 INFO 5862 [egg:core] dump config after ready, 572ms
2020-06-16 00:43:10,909 INFO 6326 [egg:logger] init all loggers with options: {"dir":"/home/hongyan/Desktop/hongyan/my-egg/logs/my-egg","encoding":"utf8","env":"local","level":"INFO","consoleLevel":"INFO","disableConsoleAfterReady":false,"outputJSON":false,"buffer":true,"appLogName":"my-egg-web.log","coreLogName":"egg-web.log","agentLogName":"egg-agent.log","errorLogName":"common-error.log","coreLogger":{"consoleLevel":"WARN"},"allowDebugAtProd":false,"type":"application"}
2020-06-16 00:43:10,985 INFO 6326 [egg-multipart] stream mode enable
2020-06-16 00:43:11,053 INFO 6326 [egg-static] starting static serve /public/ -> /home/hongyan/Desktop/hongyan/my-egg/app/public
2020-06-16 00:43:11,056 INFO 6326 [egg-security] use csrf middleware
2020-06-16 00:43:11,057 INFO 6326 [egg-security] use methodnoallow middleware
2020-06-16 00:43:11,058 INFO 6326 [egg-security] use noopen middleware
2020-06-16 00:43:11,058 INFO 6326 [egg-security] use nosniff middleware
2020-06-16 00:43:11,059 INFO 6326 [egg-security] use xssProtection middleware
2020-06-16 00:43:11,059 INFO 6326 [egg-security] use xframe middleware
2020-06-16 00:43:11,060 INFO 6326 [egg-security] use dta middleware
2020-06-16 00:43:11,060 INFO 6326 [egg-security] compose 7 middlewares into one security middleware
2020-06-16 00:43:11,070 INFO 6326 [egg:core] dump config after load, 5ms
2020-06-16 00:43:11,088 INFO 6326 [egg-watcher:application] watcher start success
2020-06-16 00:43:11,097 INFO 6326 [egg:core] dump config after ready, 4ms
2020-06-16 00:43:55,582 INFO 6363 [egg:logger] init all loggers with options: {"dir":"/home/hongyan/Desktop/hongyan/my-egg/logs/my-egg","encoding":"utf8","env":"local","level":"INFO","consoleLevel":"INFO","disableConsoleAfterReady":false,"outputJSON":false,"buffer":true,"appLogName":"my-egg-web.log","coreLogName":"egg-web.log","agentLogName":"egg-agent.log","errorLogName":"common-error.log","coreLogger":{"consoleLevel":"WARN"},"allowDebugAtProd":false,"type":"application"}
2020-06-16 00:43:55,700 INFO 6363 [egg-multipart] stream mode enable
2020-06-16 00:43:55,857 INFO 6363 [egg-static] starting static serve /public/ -> /home/hongyan/Desktop/hongyan/my-egg/app/public
2020-06-16 00:43:55,864 INFO 6363 [egg-security] use csrf middleware
2020-06-16 00:43:55,870 INFO 6363 [egg-security] use methodnoallow middleware
2020-06-16 00:43:55,872 INFO 6363 [egg-security] use noopen middleware
2020-06-16 00:43:55,874 INFO 6363 [egg-security] use nosniff middleware
2020-06-16 00:43:55,877 INFO 6363 [egg-security] use xssProtection middleware
2020-06-16 00:43:55,880 INFO 6363 [egg-security] use xframe middleware
2020-06-16 00:43:55,881 INFO 6363 [egg-security] use dta middleware
2020-06-16 00:43:55,881 INFO 6363 [egg-security] compose 7 middlewares into one security middleware
2020-06-16 00:43:55,919 INFO 6363 [egg:core] dump config after load, 24ms
2020-06-16 00:43:55,983 INFO 6363 [egg-watcher:application] watcher start success
2020-06-16 00:43:55,998 INFO 6363 [egg:core] dump config after ready, 9ms
2020-06-16 01:01:38,566 INFO 6548 [egg:logger] init all loggers with options: {"dir":"/home/hongyan/Desktop/hongyan/my-egg/logs/my-egg","encoding":"utf8","env":"local","level":"INFO","consoleLevel":"INFO","disableConsoleAfterReady":false,"outputJSON":false,"buffer":true,"appLogName":"my-egg-web.log","coreLogName":"egg-web.log","agentLogName":"egg-agent.log","errorLogName":"common-error.log","coreLogger":{"consoleLevel":"WARN"},"allowDebugAtProd":false,"type":"application"}
2020-06-16 01:01:38,722 INFO 6548 [egg-multipart] stream mode enable
2020-06-16 01:01:39,092 INFO 6548 [egg-static] starting static serve /public/ -> /home/hongyan/Desktop/hongyan/my-egg/app/public
2020-06-16 01:01:39,118 INFO 6548 [egg-security] use csrf middleware
2020-06-16 01:01:39,119 INFO 6548 [egg-security] use methodnoallow middleware
2020-06-16 01:01:39,125 INFO 6548 [egg-security] use noopen middleware
2020-06-16 01:01:39,133 INFO 6548 [egg-security] use nosniff middleware
2020-06-16 01:01:39,137 INFO 6548 [egg-security] use xssProtection middleware
2020-06-16 01:01:39,141 INFO 6548 [egg-security] use xframe middleware
2020-06-16 01:01:39,145 INFO 6548 [egg-security] use dta middleware
2020-06-16 01:01:39,145 INFO 6548 [egg-security] compose 7 middlewares into one security middleware
2020-06-16 01:01:39,221 INFO 6548 [egg:core] dump config after load, 54ms
2020-06-16 01:01:39,354 INFO 6548 [egg-watcher:application] watcher start success
2020-06-16 01:01:39,374 INFO 6548 [egg:core] dump config after ready, 9ms
2020-06-16 20:15:01,227 INFO 3127 [egg:logger] init all loggers with options: {"dir":"/home/hongyan/Desktop/hongyan/my-egg/logs/my-egg","encoding":"utf8","env":"local","level":"INFO","consoleLevel":"INFO","disableConsoleAfterReady":false,"outputJSON":false,"buffer":true,"appLogName":"my-egg-web.log","coreLogName":"egg-web.log","agentLogName":"egg-agent.log","errorLogName":"common-error.log","coreLogger":{"consoleLevel":"WARN"},"allowDebugAtProd":false,"type":"application"}
2020-06-16 20:15:01,255 INFO 3127 [egg-multipart] stream mode enable
2020-06-16 20:15:01,824 INFO 3127 [egg-static] starting static serve /public/ -> /home/hongyan/Desktop/hongyan/my-egg/app/public
2020-06-16 20:15:01,853 INFO 3127 [egg-security] use csrf middleware
2020-06-16 20:15:01,854 INFO 3127 [egg-security] use methodnoallow middleware
2020-06-16 20:15:01,855 INFO 3127 [egg-security] use noopen middleware
2020-06-16 20:15:01,856 INFO 3127 [egg-security] use nosniff middleware
2020-06-16 20:15:01,866 INFO 3127 [egg-security] use xssProtection middleware
2020-06-16 20:15:01,876 INFO 3127 [egg-security] use xframe middleware
2020-06-16 20:15:01,877 INFO 3127 [egg-security] use dta middleware
2020-06-16 20:15:01,877 INFO 3127 [egg-security] compose 7 middlewares into one security middleware
2020-06-16 20:15:01,914 INFO 3127 [egg:core] dump config after load, 5ms
2020-06-16 20:15:01,931 INFO 3127 [egg-watcher:application] watcher start success
2020-06-16 20:15:01,938 INFO 3127 [egg:core] dump config after ready, 4ms
2020-06-16 20:23:18,525 INFO 3963 [egg:logger] init all loggers with options: {"dir":"/home/hongyan/Desktop/hongyan/my-egg/logs/my-egg","encoding":"utf8","env":"local","level":"INFO","consoleLevel":"INFO","disableConsoleAfterReady":false,"outputJSON":false,"buffer":true,"appLogName":"my-egg-web.log","coreLogName":"egg-web.log","agentLogName":"egg-agent.log","errorLogName":"common-error.log","coreLogger":{"consoleLevel":"WARN"},"allowDebugAtProd":false,"type":"application"}
2020-06-16 20:23:18,635 INFO 3963 [egg-multipart] stream mode enable
2020-06-16 20:23:18,921 INFO 3963 [egg-static] starting static serve /public/ -> /home/hongyan/Desktop/hongyan/my-egg/app/public
2020-06-16 20:23:18,931 INFO 3963 [egg-security] use csrf middleware
2020-06-16 20:23:18,936 INFO 3963 [egg-security] use methodnoallow middleware
2020-06-16 20:23:18,936 INFO 3963 [egg-security] use noopen middleware
2020-06-16 20:23:18,937 INFO 3963 [egg-security] use nosniff middleware
2020-06-16 20:23:18,943 INFO 3963 [egg-security] use xssProtection middleware
2020-06-16 20:23:18,945 INFO 3963 [egg-security] use xframe middleware
2020-06-16 20:23:18,946 INFO 3963 [egg-security] use dta middleware
2020-06-16 20:23:18,946 INFO 3963 [egg-security] compose 7 middlewares into one security middleware
2020-06-16 20:23:18,982 INFO 3963 [egg:core] dump config after load, 18ms
2020-06-16 20:23:19,042 INFO 3963 [egg-watcher:application] watcher start success
2020-06-16 20:23:19,074 INFO 3963 [egg:core] dump config after ready, 18ms
2020-06-16 20:26:03,245 INFO 4124 [egg:logger] init all loggers with options: {"dir":"/home/hongyan/Desktop/hongyan/my-egg/logs/my-egg","encoding":"utf8","env":"local","level":"INFO","consoleLevel":"INFO","disableConsoleAfterReady":false,"outputJSON":false,"buffer":true,"appLogName":"my-egg-web.log","coreLogName":"egg-web.log","agentLogName":"egg-agent.log","errorLogName":"common-error.log","coreLogger":{"consoleLevel":"WARN"},"allowDebugAtProd":false,"type":"application"}
2020-06-16 20:26:03,540 INFO 4124 [egg-multipart] stream mode enable
2020-06-16 20:26:04,061 INFO 4124 [egg-static] starting static serve /public/ -> /home/hongyan/Desktop/hongyan/my-egg/app/public
2020-06-16 20:26:04,107 INFO 4124 [egg-security] use csrf middleware
2020-06-16 20:26:04,111 INFO 4124 [egg-security] use methodnoallow middleware
2020-06-16 20:26:04,115 INFO 4124 [egg-security] use noopen middleware
2020-06-16 20:26:04,121 INFO 4124 [egg-security] use nosniff middleware
2020-06-16 20:26:04,123 INFO 4124 [egg-security] use xssProtection middleware
2020-06-16 20:26:04,127 INFO 4124 [egg-security] use xframe middleware
2020-06-16 20:26:04,130 INFO 4124 [egg-security] use dta middleware
2020-06-16 20:26:04,130 INFO 4124 [egg-security] compose 7 middlewares into one security middleware
2020-06-16 20:26:04,221 INFO 4124 [egg:core] dump config after load, 54ms
2020-06-16 20:26:04,352 INFO 4124 [egg-watcher:application] watcher start success
2020-06-16 20:26:04,387 INFO 4124 [egg:core] dump config after ready, 23ms
2020-06-17 15:14:06,722 INFO 5876 [egg:logger] init all loggers with options: {"dir":"D:\\workspace\\my-egg\\logs\\my-egg","encoding":"utf8","env":"local","level":"INFO","consoleLevel":"INFO","disableConsoleAfterReady":false,"outputJSON":false,"buffer":true,"appLogName":"my-egg-web.log","coreLogName":"egg-web.log","agentLogName":"egg-agent.log","errorLogName":"common-error.log","coreLogger":{"consoleLevel":"WARN"},"allowDebugAtProd":false,"type":"application"}
2020-06-17 15:14:06,752 INFO 5876 [egg-multipart] stream mode enable
2020-06-17 15:14:06,816 INFO 5876 [egg-static] starting static serve /public/ -> D:\workspace\my-egg\app\public
2020-06-17 15:14:06,819 INFO 5876 [egg-security] use csrf middleware
2020-06-17 15:14:06,820 INFO 5876 [egg-security] use methodnoallow middleware
2020-06-17 15:14:06,820 INFO 5876 [egg-security] use noopen middleware
2020-06-17 15:14:06,821 INFO 5876 [egg-security] use nosniff middleware
2020-06-17 15:14:06,821 INFO 5876 [egg-security] use xssProtection middleware
2020-06-17 15:14:06,822 INFO 5876 [egg-security] use xframe middleware
2020-06-17 15:14:06,822 INFO 5876 [egg-security] use dta middleware
2020-06-17 15:14:06,822 INFO 5876 [egg-security] compose 7 middlewares into one security middleware
2020-06-17 15:14:06,832 INFO 5876 [egg:core] dump config after load, 5ms
2020-06-17 15:14:06,848 INFO 5876 [egg-watcher:application] watcher start success
2020-06-17 15:14:06,855 INFO 5876 [egg:core] dump config after ready, 5ms
2020-06-17 15:18:12,861 INFO 11968 [egg:logger] init all loggers with options: {"dir":"D:\\workspace\\my-egg\\logs\\my-egg","encoding":"utf8","env":"local","level":"INFO","consoleLevel":"INFO","disableConsoleAfterReady":false,"outputJSON":false,"buffer":true,"appLogName":"my-egg-web.log","coreLogName":"egg-web.log","agentLogName":"egg-agent.log","errorLogName":"common-error.log","coreLogger":{"consoleLevel":"WARN"},"allowDebugAtProd":false,"type":"application"}
2020-06-17 15:18:12,906 INFO 11968 [egg-multipart] stream mode enable
2020-06-17 15:18:13,019 INFO 11968 [egg-static] starting static serve /public/ -> D:\workspace\my-egg\app\public
2020-06-17 15:18:13,024 INFO 11968 [egg-security] use csrf middleware
2020-06-17 15:18:13,025 INFO 11968 [egg-security] use methodnoallow middleware
2020-06-17 15:18:13,026 INFO 11968 [egg-security] use noopen middleware
2020-06-17 15:18:13,027 INFO 11968 [egg-security] use nosniff middleware
2020-06-17 15:18:13,028 INFO 11968 [egg-security] use xssProtection middleware
2020-06-17 15:18:13,029 INFO 11968 [egg-security] use xframe middleware
2020-06-17 15:18:13,029 INFO 11968 [egg-security] use dta middleware
2020-06-17 15:18:13,029 INFO 11968 [egg-security] compose 7 middlewares into one security middleware
2020-06-17 15:18:13,044 INFO 11968 [egg:core] dump config after load, 8ms
2020-06-17 15:18:13,063 INFO 11968 [egg-watcher:application] watcher start success
2020-06-17 15:18:13,075 INFO 11968 [egg:core] dump config after ready, 8ms
2020-06-17 16:01:11,114 INFO 2240 [egg:logger] init all loggers with options: {"dir":"D:\\workspace\\my-egg\\logs\\my-egg","encoding":"utf8","env":"local","level":"INFO","consoleLevel":"INFO","disableConsoleAfterReady":false,"outputJSON":false,"buffer":true,"appLogName":"my-egg-web.log","coreLogName":"egg-web.log","agentLogName":"egg-agent.log","errorLogName":"common-error.log","coreLogger":{"consoleLevel":"WARN"},"allowDebugAtProd":false,"type":"application"}
2020-06-17 16:01:11,311 INFO 2240 [egg-multipart] stream mode enable
2020-06-17 16:01:11,664 INFO 2240 [egg-static] starting static serve /public/ -> D:\workspace\my-egg\app\public
2020-06-17 16:01:11,667 INFO 2240 [egg-security] use csrf middleware
2020-06-17 16:01:11,668 INFO 2240 [egg-security] use methodnoallow middleware
2020-06-17 16:01:11,669 INFO 2240 [egg-security] use noopen middleware
2020-06-17 16:01:11,670 INFO 2240 [egg-security] use nosniff middleware
2020-06-17 16:01:11,670 INFO 2240 [egg-security] use xssProtection middleware
2020-06-17 16:01:11,671 INFO 2240 [egg-security] use xframe middleware
2020-06-17 16:01:11,671 INFO 2240 [egg-security] use dta middleware
2020-06-17 16:01:11,671 INFO 2240 [egg-security] compose 7 middlewares into one security middleware
2020-06-17 16:01:11,684 INFO 2240 [egg:core] dump config after load, 7ms
2020-06-17 16:01:11,699 INFO 2240 [egg-watcher:application] watcher start success
2020-06-17 16:01:11,705 INFO 2240 [egg:core] dump config after ready, 5ms
2020-06-17 16:01:13,065 INFO 9344 [egg:logger] init all loggers with options: {"dir":"D:\\workspace\\my-egg\\logs\\my-egg","encoding":"utf8","env":"local","level":"INFO","consoleLevel":"INFO","disableConsoleAfterReady":false,"outputJSON":false,"buffer":true,"appLogName":"my-egg-web.log","coreLogName":"egg-web.log","agentLogName":"egg-agent.log","errorLogName":"common-error.log","coreLogger":{"consoleLevel":"WARN"},"allowDebugAtProd":false,"type":"application"}
2020-06-17 16:01:13,111 INFO 9344 [egg-multipart] stream mode enable
2020-06-17 16:01:13,207 INFO 9344 [egg-static] starting static serve /public/ -> D:\workspace\my-egg\app\public
2020-06-17 16:01:13,210 INFO 9344 [egg-security] use csrf middleware
2020-06-17 16:01:13,211 INFO 9344 [egg-security] use methodnoallow middleware
2020-06-17 16:01:13,212 INFO 9344 [egg-security] use noopen middleware
2020-06-17 16:01:13,213 INFO 9344 [egg-security] use nosniff middleware
2020-06-17 16:01:13,214 INFO 9344 [egg-security] use xssProtection middleware
2020-06-17 16:01:13,214 INFO 9344 [egg-security] use xframe middleware
2020-06-17 16:01:13,214 INFO 9344 [egg-security] use dta middleware
2020-06-17 16:01:13,214 INFO 9344 [egg-security] compose 7 middlewares into one security middleware
2020-06-17 16:01:13,227 INFO 9344 [egg:core] dump config after load, 8ms
2020-06-17 16:01:13,241 INFO 9344 [egg-watcher:application] watcher start success
2020-06-17 16:01:13,248 INFO 9344 [egg:core] dump config after ready, 4ms
2020-06-17 16:01:46,484 INFO 3972 [egg:logger] init all loggers with options: {"dir":"D:\\workspace\\my-egg\\logs\\my-egg","encoding":"utf8","env":"local","level":"INFO","consoleLevel":"INFO","disableConsoleAfterReady":false,"outputJSON":false,"buffer":true,"appLogName":"my-egg-web.log","coreLogName":"egg-web.log","agentLogName":"egg-agent.log","errorLogName":"common-error.log","coreLogger":{"consoleLevel":"WARN"},"allowDebugAtProd":false,"type":"application"}
2020-06-17 16:01:46,520 INFO 3972 [egg-multipart] stream mode enable
2020-06-17 16:01:46,593 INFO 3972 [egg-static] starting static serve /public/ -> D:\workspace\my-egg\app\public
2020-06-17 16:01:46,596 INFO 3972 [egg-security] use csrf middleware
2020-06-17 16:01:46,597 INFO 3972 [egg-security] use methodnoallow middleware
2020-06-17 16:01:46,597 INFO 3972 [egg-security] use noopen middleware
2020-06-17 16:01:46,598 INFO 3972 [egg-security] use nosniff middleware
2020-06-17 16:01:46,598 INFO 3972 [egg-security] use xssProtection middleware
2020-06-17 16:01:46,599 INFO 3972 [egg-security] use xframe middleware
2020-06-17 16:01:46,599 INFO 3972 [egg-security] use dta middleware
2020-06-17 16:01:46,599 INFO 3972 [egg-security] compose 7 middlewares into one security middleware
2020-06-17 16:01:46,610 INFO 3972 [egg:core] dump config after load, 6ms
2020-06-17 16:01:46,624 INFO 3972 [egg-watcher:application] watcher start success
2020-06-17 16:01:46,631 INFO 3972 [egg:core] dump config after ready, 5ms
2020-06-17 16:02:02,389 INFO 2464 [egg:logger] init all loggers with options: {"dir":"D:\\workspace\\my-egg\\logs\\my-egg","encoding":"utf8","env":"local","level":"INFO","consoleLevel":"INFO","disableConsoleAfterReady":false,"outputJSON":false,"buffer":true,"appLogName":"my-egg-web.log","coreLogName":"egg-web.log","agentLogName":"egg-agent.log","errorLogName":"common-error.log","coreLogger":{"consoleLevel":"WARN"},"allowDebugAtProd":false,"type":"application"}
2020-06-17 16:02:02,432 INFO 2464 [egg-multipart] stream mode enable
2020-06-17 16:02:02,513 INFO 2464 [egg-static] starting static serve /public/ -> D:\workspace\my-egg\app\public
2020-06-17 16:02:02,516 INFO 2464 [egg-security] use csrf middleware
2020-06-17 16:02:02,517 INFO 2464 [egg-security] use methodnoallow middleware
2020-06-17 16:02:02,518 INFO 2464 [egg-security] use noopen middleware
2020-06-17 16:02:02,518 INFO 2464 [egg-security] use nosniff middleware
2020-06-17 16:02:02,519 INFO 2464 [egg-security] use xssProtection middleware
2020-06-17 16:02:02,519 INFO 2464 [egg-security] use xframe middleware
2020-06-17 16:02:02,520 INFO 2464 [egg-security] use dta middleware
2020-06-17 16:02:02,520 INFO 2464 [egg-security] compose 7 middlewares into one security middleware
2020-06-17 16:02:02,531 INFO 2464 [egg:core] dump config after load, 6ms
2020-06-17 16:02:02,544 INFO 2464 [egg-watcher:application] watcher start success
2020-06-17 16:02:02,551 INFO 2464 [egg:core] dump config after ready, 5ms
2020-06-17 16:03:15,821 INFO 8792 [egg:logger] init all loggers with options: {"dir":"D:\\workspace\\my-egg\\logs\\my-egg","encoding":"utf8","env":"local","level":"INFO","consoleLevel":"INFO","disableConsoleAfterReady":false,"outputJSON":false,"buffer":true,"appLogName":"my-egg-web.log","coreLogName":"egg-web.log","agentLogName":"egg-agent.log","errorLogName":"common-error.log","coreLogger":{"consoleLevel":"WARN"},"allowDebugAtProd":false,"type":"application"}
2020-06-17 16:03:15,871 INFO 8792 [egg-multipart] stream mode enable
2020-06-17 16:03:15,961 INFO 8792 [egg-static] starting static serve /public/ -> D:\workspace\my-egg\app\public
2020-06-17 16:03:15,964 INFO 8792 [egg-security] use csrf middleware
2020-06-17 16:03:15,965 INFO 8792 [egg-security] use methodnoallow middleware
2020-06-17 16:03:15,965 INFO 8792 [egg-security] use noopen middleware
2020-06-17 16:03:15,966 INFO 8792 [egg-security] use nosniff middleware
2020-06-17 16:03:15,966 INFO 8792 [egg-security] use xssProtection middleware
2020-06-17 16:03:15,967 INFO 8792 [egg-security] use xframe middleware
2020-06-17 16:03:15,967 INFO 8792 [egg-security] use dta middleware
2020-06-17 16:03:15,967 INFO 8792 [egg-security] compose 7 middlewares into one security middleware
2020-06-17 16:03:15,980 INFO 8792 [egg:core] dump config after load, 8ms
2020-06-17 16:03:15,995 INFO 8792 [egg-watcher:application] watcher start success
2020-06-17 16:03:16,003 INFO 8792 [egg:core] dump config after ready, 6ms
2020-06-17 16:03:49,104 INFO 11656 [egg:logger] init all loggers with options: {"dir":"D:\\workspace\\my-egg\\logs\\my-egg","encoding":"utf8","env":"local","level":"INFO","consoleLevel":"INFO","disableConsoleAfterReady":false,"outputJSON":false,"buffer":true,"appLogName":"my-egg-web.log","coreLogName":"egg-web.log","agentLogName":"egg-agent.log","errorLogName":"common-error.log","coreLogger":{"consoleLevel":"WARN"},"allowDebugAtProd":false,"type":"application"}
2020-06-17 16:03:49,140 INFO 11656 [egg-multipart] stream mode enable
2020-06-17 16:03:49,209 INFO 11656 [egg-static] starting static serve /public/ -> D:\workspace\my-egg\app\public
2020-06-17 16:03:49,212 INFO 11656 [egg-security] use csrf middleware
2020-06-17 16:03:49,213 INFO 11656 [egg-security] use methodnoallow middleware
2020-06-17 16:03:49,213 INFO 11656 [egg-security] use noopen middleware
2020-06-17 16:03:49,214 INFO 11656 [egg-security] use nosniff middleware
2020-06-17 16:03:49,215 INFO 11656 [egg-security] use xssProtection middleware
2020-06-17 16:03:49,215 INFO 11656 [egg-security] use xframe middleware
2020-06-17 16:03:49,216 INFO 11656 [egg-security] use dta middleware
2020-06-17 16:03:49,216 INFO 11656 [egg-security] compose 7 middlewares into one security middleware
2020-06-17 16:03:49,226 INFO 11656 [egg:core] dump config after load, 6ms
2020-06-17 16:03:49,239 INFO 11656 [egg-watcher:application] watcher start success
2020-06-17 16:03:49,246 INFO 11656 [egg:core] dump config after ready, 5ms
2020-06-17 16:04:49,433 INFO 2700 [egg:logger] init all loggers with options: {"dir":"D:\\workspace\\my-egg\\logs\\my-egg","encoding":"utf8","env":"local","level":"INFO","consoleLevel":"INFO","disableConsoleAfterReady":false,"outputJSON":false,"buffer":true,"appLogName":"my-egg-web.log","coreLogName":"egg-web.log","agentLogName":"egg-agent.log","errorLogName":"common-error.log","coreLogger":{"consoleLevel":"WARN"},"allowDebugAtProd":false,"type":"application"}
2020-06-17 16:04:49,470 INFO 2700 [egg-multipart] stream mode enable
2020-06-17 16:04:49,536 INFO 2700 [egg-static] starting static serve /public/ -> D:\workspace\my-egg\app\public
2020-06-17 16:04:49,539 INFO 2700 [egg-security] use csrf middleware
2020-06-17 16:04:49,540 INFO 2700 [egg-security] use methodnoallow middleware
2020-06-17 16:04:49,540 INFO 2700 [egg-security] use noopen middleware
2020-06-17 16:04:49,541 INFO 2700 [egg-security] use nosniff middleware
2020-06-17 16:04:49,541 INFO 2700 [egg-security] use xssProtection middleware
2020-06-17 16:04:49,542 INFO 2700 [egg-security] use xframe middleware
2020-06-17 16:04:49,542 INFO 2700 [egg-security] use dta middleware
2020-06-17 16:04:49,542 INFO 2700 [egg-security] compose 7 middlewares into one security middleware
2020-06-17 16:04:49,556 INFO 2700 [egg:core] dump config after load, 8ms
2020-06-17 16:04:49,572 INFO 2700 [egg-watcher:application] watcher start success
2020-06-17 16:04:49,580 INFO 2700 [egg:core] dump config after ready, 5ms
2020-06-17 16:06:59,351 INFO 8140 [egg:logger] init all loggers with options: {"dir":"D:\\workspace\\my-egg\\logs\\my-egg","encoding":"utf8","env":"local","level":"INFO","consoleLevel":"INFO","disableConsoleAfterReady":false,"outputJSON":false,"buffer":true,"appLogName":"my-egg-web.log","coreLogName":"egg-web.log","agentLogName":"egg-agent.log","errorLogName":"common-error.log","coreLogger":{"consoleLevel":"WARN"},"allowDebugAtProd":false,"type":"application"}
2020-06-17 16:06:59,391 INFO 8140 [egg-multipart] stream mode enable
2020-06-17 16:06:59,470 INFO 8140 [egg-static] starting static serve /public/ -> D:\workspace\my-egg\app\public
2020-06-17 16:06:59,473 INFO 8140 [egg-security] use csrf middleware
2020-06-17 16:06:59,474 INFO 8140 [egg-security] use methodnoallow middleware
2020-06-17 16:06:59,475 INFO 8140 [egg-security] use noopen middleware
2020-06-17 16:06:59,476 INFO 8140 [egg-security] use nosniff middleware
2020-06-17 16:06:59,476 INFO 8140 [egg-security] use xssProtection middleware
2020-06-17 16:06:59,477 INFO 8140 [egg-security] use xframe middleware
2020-06-17 16:06:59,477 INFO 8140 [egg-security] use dta middleware
2020-06-17 16:06:59,477 INFO 8140 [egg-security] compose 7 middlewares into one security middleware
2020-06-17 16:06:59,491 INFO 8140 [egg:core] dump config after load, 7ms
2020-06-17 16:06:59,505 INFO 8140 [egg-watcher:application] watcher start success
2020-06-17 16:06:59,515 INFO 8140 [egg:core] dump config after ready, 6ms
2020-06-17 16:08:09,969 INFO 10456 [egg:logger] init all loggers with options: {"dir":"D:\\workspace\\my-egg\\logs\\my-egg","encoding":"utf8","env":"local","level":"INFO","consoleLevel":"INFO","disableConsoleAfterReady":false,"outputJSON":false,"buffer":true,"appLogName":"my-egg-web.log","coreLogName":"egg-web.log","agentLogName":"egg-agent.log","errorLogName":"common-error.log","coreLogger":{"consoleLevel":"WARN"},"allowDebugAtProd":false,"type":"application"}
2020-06-17 16:08:10,024 INFO 10456 [egg-multipart] stream mode enable
2020-06-17 16:08:10,108 INFO 10456 [egg-static] starting static serve /public/ -> D:\workspace\my-egg\app\public
2020-06-17 16:08:10,112 INFO 10456 [egg-security] use csrf middleware
2020-06-17 16:08:10,113 INFO 10456 [egg-security] use methodnoallow middleware
2020-06-17 16:08:10,113 INFO 10456 [egg-security] use noopen middleware
2020-06-17 16:08:10,114 INFO 10456 [egg-security] use nosniff middleware
2020-06-17 16:08:10,115 INFO 10456 [egg-security] use xssProtection middleware
2020-06-17 16:08:10,115 INFO 10456 [egg-security] use xframe middleware
2020-06-17 16:08:10,115 INFO 10456 [egg-security] use dta middleware
2020-06-17 16:08:10,115 INFO 10456 [egg-security] compose 7 middlewares into one security middleware
2020-06-17 16:08:10,125 INFO 10456 [egg:core] dump config after load, 5ms
2020-06-17 16:08:10,142 INFO 10456 [egg-watcher:application] watcher start success
2020-06-17 16:08:10,153 INFO 10456 [egg:core] dump config after ready, 9ms
2020-06-17 16:08:50,539 INFO 5648 [egg:logger] init all loggers with options: {"dir":"D:\\workspace\\my-egg\\logs\\my-egg","encoding":"utf8","env":"local","level":"INFO","consoleLevel":"INFO","disableConsoleAfterReady":false,"outputJSON":false,"buffer":true,"appLogName":"my-egg-web.log","coreLogName":"egg-web.log","agentLogName":"egg-agent.log","errorLogName":"common-error.log","coreLogger":{"consoleLevel":"WARN"},"allowDebugAtProd":false,"type":"application"}
2020-06-17 16:08:50,586 INFO 5648 [egg-multipart] stream mode enable
2020-06-17 16:08:50,655 INFO 5648 [egg-static] starting static serve /public/ -> D:\workspace\my-egg\app\public
2020-06-17 16:08:50,659 INFO 5648 [egg-security] use csrf middleware
2020-06-17 16:08:50,660 INFO 5648 [egg-security] use methodnoallow middleware
2020-06-17 16:08:50,660 INFO 5648 [egg-security] use noopen middleware
2020-06-17 16:08:50,661 INFO 5648 [egg-security] use nosniff middleware
2020-06-17 16:08:50,662 INFO 5648 [egg-security] use xssProtection middleware
2020-06-17 16:08:50,663 INFO 5648 [egg-security] use xframe middleware
2020-06-17 16:08:50,663 INFO 5648 [egg-security] use dta middleware
2020-06-17 16:08:50,663 INFO 5648 [egg-security] compose 7 middlewares into one security middleware
2020-06-17 16:08:50,675 INFO 5648 [egg:core] dump config after load, 6ms
2020-06-17 16:08:50,692 INFO 5648 [egg-watcher:application] watcher start success
2020-06-17 16:08:50,701 INFO 5648 [egg:core] dump config after ready, 6ms
2020-06-17 16:09:54,292 INFO 9420 [egg:logger] init all loggers with options: {"dir":"D:\\workspace\\my-egg\\logs\\my-egg","encoding":"utf8","env":"local","level":"INFO","consoleLevel":"INFO","disableConsoleAfterReady":false,"outputJSON":false,"buffer":true,"appLogName":"my-egg-web.log","coreLogName":"egg-web.log","agentLogName":"egg-agent.log","errorLogName":"common-error.log","coreLogger":{"consoleLevel":"WARN"},"allowDebugAtProd":false,"type":"application"}
2020-06-17 16:09:54,332 INFO 9420 [egg-multipart] stream mode enable
2020-06-17 16:09:54,406 INFO 9420 [egg-static] starting static serve /public/ -> D:\workspace\my-egg\app\public
2020-06-17 16:09:54,409 INFO 9420 [egg-security] use csrf middleware
2020-06-17 16:09:54,410 INFO 9420 [egg-security] use methodnoallow middleware
2020-06-17 16:09:54,410 INFO 9420 [egg-security] use noopen middleware
2020-06-17 16:09:54,411 INFO 9420 [egg-security] use nosniff middleware
2020-06-17 16:09:54,411 INFO 9420 [egg-security] use xssProtection middleware
2020-06-17 16:09:54,412 INFO 9420 [egg-security] use xframe middleware
2020-06-17 16:09:54,412 INFO 9420 [egg-security] use dta middleware
2020-06-17 16:09:54,412 INFO 9420 [egg-security] compose 7 middlewares into one security middleware
2020-06-17 16:09:54,424 INFO 9420 [egg:core] dump config after load, 6ms
2020-06-17 16:09:54,437 INFO 9420 [egg-watcher:application] watcher start success
2020-06-17 16:09:54,444 INFO 9420 [egg:core] dump config after ready, 5ms
2020-06-17 16:09:59,073 INFO 9420 [egg-view-nunjucks] loading templates from ["D:\\workspace\\my-egg\\app\\view"]
2020-06-17 16:10:29,229 INFO 8768 [egg:logger] init all loggers with options: {"dir":"D:\\workspace\\my-egg\\logs\\my-egg","encoding":"utf8","env":"local","level":"INFO","consoleLevel":"INFO","disableConsoleAfterReady":false,"outputJSON":false,"buffer":true,"appLogName":"my-egg-web.log","coreLogName":"egg-web.log","agentLogName":"egg-agent.log","errorLogName":"common-error.log","coreLogger":{"consoleLevel":"WARN"},"allowDebugAtProd":false,"type":"application"}
2020-06-17 16:10:29,268 INFO 8768 [egg-multipart] stream mode enable
2020-06-17 16:10:29,342 INFO 8768 [egg-static] starting static serve /public/ -> D:\workspace\my-egg\app\public
2020-06-17 16:10:29,345 INFO 8768 [egg-security] use csrf middleware
2020-06-17 16:10:29,346 INFO 8768 [egg-security] use methodnoallow middleware
2020-06-17 16:10:29,347 INFO 8768 [egg-security] use noopen middleware
2020-06-17 16:10:29,348 INFO 8768 [egg-security] use nosniff middleware
2020-06-17 16:10:29,348 INFO 8768 [egg-security] use xssProtection middleware
2020-06-17 16:10:29,349 INFO 8768 [egg-security] use xframe middleware
2020-06-17 16:10:29,349 INFO 8768 [egg-security] use dta middleware
2020-06-17 16:10:29,350 INFO 8768 [egg-security] compose 7 middlewares into one security middleware
2020-06-17 16:10:29,367 INFO 8768 [egg:core] dump config after load, 8ms
2020-06-17 16:10:29,380 INFO 8768 [egg-watcher:application] watcher start success
2020-06-17 16:10:29,386 INFO 8768 [egg:core] dump config after ready, 4ms
2020-06-17 16:10:34,563 INFO 8768 [egg-view-nunjucks] loading templates from ["D:\\workspace\\my-egg\\app\\view"]
2020-06-17 16:10:49,056 INFO 7240 [egg:logger] init all loggers with options: {"dir":"D:\\workspace\\my-egg\\logs\\my-egg","encoding":"utf8","env":"local","level":"INFO","consoleLevel":"INFO","disableConsoleAfterReady":false,"outputJSON":false,"buffer":true,"appLogName":"my-egg-web.log","coreLogName":"egg-web.log","agentLogName":"egg-agent.log","errorLogName":"common-error.log","coreLogger":{"consoleLevel":"WARN"},"allowDebugAtProd":false,"type":"application"}
2020-06-17 16:10:49,092 INFO 7240 [egg-multipart] stream mode enable
2020-06-17 16:10:49,204 INFO 7240 [egg-static] starting static serve /public/ -> D:\workspace\my-egg\app\public
2020-06-17 16:10:49,209 INFO 7240 [egg-security] use csrf middleware
2020-06-17 16:10:49,211 INFO 7240 [egg-security] use methodnoallow middleware
2020-06-17 16:10:49,212 INFO 7240 [egg-security] use noopen middleware
2020-06-17 16:10:49,213 INFO 7240 [egg-security] use nosniff middleware
2020-06-17 16:10:49,213 INFO 7240 [egg-security] use xssProtection middleware
2020-06-17 16:10:49,214 INFO 7240 [egg-security] use xframe middleware
2020-06-17 16:10:49,215 INFO 7240 [egg-security] use dta middleware
2020-06-17 16:10:49,215 INFO 7240 [egg-security] compose 7 middlewares into one security middleware
2020-06-17 16:10:49,225 INFO 7240 [egg:core] dump config after load, 5ms
2020-06-17 16:10:49,240 INFO 7240 [egg-watcher:application] watcher start success
2020-06-17 16:10:49,247 INFO 7240 [egg:core] dump config after ready, 5ms
2020-06-17 16:10:52,008 INFO 9136 [egg:logger] init all loggers with options: {"dir":"D:\\workspace\\my-egg\\logs\\my-egg","encoding":"utf8","env":"local","level":"INFO","consoleLevel":"INFO","disableConsoleAfterReady":false,"outputJSON":false,"buffer":true,"appLogName":"my-egg-web.log","coreLogName":"egg-web.log","agentLogName":"egg-agent.log","errorLogName":"common-error.log","coreLogger":{"consoleLevel":"WARN"},"allowDebugAtProd":false,"type":"application"}
2020-06-17 16:10:52,044 INFO 9136 [egg-multipart] stream mode enable
2020-06-17 16:10:52,125 INFO 9136 [egg-static] starting static serve /public/ -> D:\workspace\my-egg\app\public
2020-06-17 16:10:52,129 INFO 9136 [egg-security] use csrf middleware
2020-06-17 16:10:52,130 INFO 9136 [egg-security] use methodnoallow middleware
2020-06-17 16:10:52,130 INFO 9136 [egg-security] use noopen middleware
2020-06-17 16:10:52,131 INFO 9136 [egg-security] use nosniff middleware
2020-06-17 16:10:52,131 INFO 9136 [egg-security] use xssProtection middleware
2020-06-17 16:10:52,132 INFO 9136 [egg-security] use xframe middleware
2020-06-17 16:10:52,132 INFO 9136 [egg-security] use dta middleware
2020-06-17 16:10:52,132 INFO 9136 [egg-security] compose 7 middlewares into one security middleware
2020-06-17 16:10:52,143 INFO 9136 [egg:core] dump config after load, 6ms
2020-06-17 16:10:52,157 INFO 9136 [egg-watcher:application] watcher start success
2020-06-17 16:10:52,163 INFO 9136 [egg:core] dump config after ready, 4ms
2020-06-17 16:11:15,470 INFO 5780 [egg:logger] init all loggers with options: {"dir":"D:\\workspace\\my-egg\\logs\\my-egg","encoding":"utf8","env":"local","level":"INFO","consoleLevel":"INFO","disableConsoleAfterReady":false,"outputJSON":false,"buffer":true,"appLogName":"my-egg-web.log","coreLogName":"egg-web.log","agentLogName":"egg-agent.log","errorLogName":"common-error.log","coreLogger":{"consoleLevel":"WARN"},"allowDebugAtProd":false,"type":"application"}
2020-06-17 16:11:15,507 INFO 5780 [egg-multipart] stream mode enable
2020-06-17 16:11:15,594 INFO 5780 [egg-static] starting static serve /public/ -> D:\workspace\my-egg\app\public
2020-06-17 16:11:15,598 INFO 5780 [egg-security] use csrf middleware
2020-06-17 16:11:15,599 INFO 5780 [egg-security] use methodnoallow middleware
2020-06-17 16:11:15,600 INFO 5780 [egg-security] use noopen middleware
2020-06-17 16:11:15,602 INFO 5780 [egg-security] use nosniff middleware
2020-06-17 16:11:15,603 INFO 5780 [egg-security] use xssProtection middleware
2020-06-17 16:11:15,604 INFO 5780 [egg-security] use xframe middleware
2020-06-17 16:11:15,604 INFO 5780 [egg-security] use dta middleware
2020-06-17 16:11:15,604 INFO 5780 [egg-security] compose 7 middlewares into one security middleware
2020-06-17 16:11:15,619 INFO 5780 [egg:core] dump config after load, 8ms
2020-06-17 16:11:15,634 INFO 5780 [egg-watcher:application] watcher start success
2020-06-17 16:11:15,642 INFO 5780 [egg:core] dump config after ready, 6ms
2020-06-17 16:11:19,841 INFO 5780 [egg-view-nunjucks] loading templates from ["D:\\workspace\\my-egg\\app\\view"]
2020-06-17 16:14:33,327 INFO 1464 [egg:logger] init all loggers with options: {"dir":"D:\\workspace\\my-egg\\logs\\my-egg","encoding":"utf8","env":"local","level":"INFO","consoleLevel":"INFO","disableConsoleAfterReady":false,"outputJSON":false,"buffer":true,"appLogName":"my-egg-web.log","coreLogName":"egg-web.log","agentLogName":"egg-agent.log","errorLogName":"common-error.log","coreLogger":{"consoleLevel":"WARN"},"allowDebugAtProd":false,"type":"application"}
2020-06-17 16:14:33,362 INFO 1464 [egg-multipart] stream mode enable
2020-06-17 16:14:33,437 INFO 1464 [egg-static] starting static serve /public/ -> D:\workspace\my-egg\app\public
2020-06-17 16:14:33,441 INFO 1464 [egg-security] use csrf middleware
2020-06-17 16:14:33,442 INFO 1464 [egg-security] use methodnoallow middleware
2020-06-17 16:14:33,443 INFO 1464 [egg-security] use noopen middleware
2020-06-17 16:14:33,444 INFO 1464 [egg-security] use nosniff middleware
2020-06-17 16:14:33,444 INFO 1464 [egg-security] use xssProtection middleware
2020-06-17 16:14:33,444 INFO 1464 [egg-security] use xframe middleware
2020-06-17 16:14:33,445 INFO 1464 [egg-security] use dta middleware
2020-06-17 16:14:33,445 INFO 1464 [egg-security] compose 7 middlewares into one security middleware
2020-06-17 16:14:33,457 INFO 1464 [egg:core] dump config after load, 7ms
2020-06-17 16:14:33,474 INFO 1464 [egg-watcher:application] watcher start success
2020-06-17 16:14:33,481 INFO 1464 [egg:core] dump config after ready, 4ms
2020-06-17 16:14:38,394 INFO 1464 [egg-view-nunjucks] loading templates from ["D:\\workspace\\my-egg\\app\\view"]
2020-06-17 16:15:19,117 INFO 1884 [egg:logger] init all loggers with options: {"dir":"D:\\workspace\\my-egg\\logs\\my-egg","encoding":"utf8","env":"local","level":"INFO","consoleLevel":"INFO","disableConsoleAfterReady":false,"outputJSON":false,"buffer":true,"appLogName":"my-egg-web.log","coreLogName":"egg-web.log","agentLogName":"egg-agent.log","errorLogName":"common-error.log","coreLogger":{"consoleLevel":"WARN"},"allowDebugAtProd":false,"type":"application"}
2020-06-17 16:15:19,153 INFO 1884 [egg-multipart] stream mode enable
2020-06-17 16:15:19,224 INFO 1884 [egg-static] starting static serve /public/ -> D:\workspace\my-egg\app\public
2020-06-17 16:15:19,227 INFO 1884 [egg-security] use csrf middleware
2020-06-17 16:15:19,228 INFO 1884 [egg-security] use methodnoallow middleware
2020-06-17 16:15:19,228 INFO 1884 [egg-security] use noopen middleware
2020-06-17 16:15:19,229 INFO 1884 [egg-security] use nosniff middleware
2020-06-17 16:15:19,230 INFO 1884 [egg-security] use xssProtection middleware
2020-06-17 16:15:19,230 INFO 1884 [egg-security] use xframe middleware
2020-06-17 16:15:19,231 INFO 1884 [egg-security] use dta middleware
2020-06-17 16:15:19,231 INFO 1884 [egg-security] compose 7 middlewares into one security middleware
2020-06-17 16:15:19,243 INFO 1884 [egg:core] dump config after load, 7ms
2020-06-17 16:15:19,256 INFO 1884 [egg-watcher:application] watcher start success
2020-06-17 16:15:19,264 INFO 1884 [egg:core] dump config after ready, 6ms
2020-06-17 16:15:22,422 INFO 1884 [egg-view-nunjucks] loading templates from ["D:\\workspace\\my-egg\\app\\view"]
2020-06-17 16:15:32,339 INFO 12180 [egg:logger] init all loggers with options: {"dir":"D:\\workspace\\my-egg\\logs\\my-egg","encoding":"utf8","env":"local","level":"INFO","consoleLevel":"INFO","disableConsoleAfterReady":false,"outputJSON":false,"buffer":true,"appLogName":"my-egg-web.log","coreLogName":"egg-web.log","agentLogName":"egg-agent.log","errorLogName":"common-error.log","coreLogger":{"consoleLevel":"WARN"},"allowDebugAtProd":false,"type":"application"}
2020-06-17 16:15:32,376 INFO 12180 [egg-multipart] stream mode enable
2020-06-17 16:15:32,450 INFO 12180 [egg-static] starting static serve /public/ -> D:\workspace\my-egg\app\public
2020-06-17 16:15:32,453 INFO 12180 [egg-security] use csrf middleware
2020-06-17 16:15:32,454 INFO 12180 [egg-security] use methodnoallow middleware
2020-06-17 16:15:32,454 INFO 12180 [egg-security] use noopen middleware
2020-06-17 16:15:32,455 INFO 12180 [egg-security] use nosniff middleware
2020-06-17 16:15:32,455 INFO 12180 [egg-security] use xssProtection middleware
2020-06-17 16:15:32,456 INFO 12180 [egg-security] use xframe middleware
2020-06-17 16:15:32,456 INFO 12180 [egg-security] use dta middleware
2020-06-17 16:15:32,456 INFO 12180 [egg-security] compose 7 middlewares into one security middleware
2020-06-17 16:15:32,474 INFO 12180 [egg:core] dump config after load, 12ms
2020-06-17 16:15:32,492 INFO 12180 [egg-watcher:application] watcher start success
2020-06-17 16:15:32,500 INFO 12180 [egg:core] dump config after ready, 6ms
2020-06-17 16:15:35,312 INFO 12180 [egg-view-nunjucks] loading templates from ["D:\\workspace\\my-egg\\app\\view"]
2020-06-17 16:15:56,907 INFO 2620 [egg:logger] init all loggers with options: {"dir":"D:\\workspace\\my-egg\\logs\\my-egg","encoding":"utf8","env":"local","level":"INFO","consoleLevel":"INFO","disableConsoleAfterReady":false,"outputJSON":false,"buffer":true,"appLogName":"my-egg-web.log","coreLogName":"egg-web.log","agentLogName":"egg-agent.log","errorLogName":"common-error.log","coreLogger":{"consoleLevel":"WARN"},"allowDebugAtProd":false,"type":"application"}
2020-06-17 16:15:56,944 INFO 2620 [egg-multipart] stream mode enable
2020-06-17 16:15:57,026 INFO 2620 [egg-static] starting static serve /public/ -> D:\workspace\my-egg\app\public
2020-06-17 16:15:57,030 INFO 2620 [egg-security] use csrf middleware
2020-06-17 16:15:57,031 INFO 2620 [egg-security] use methodnoallow middleware
2020-06-17 16:15:57,031 INFO 2620 [egg-security] use noopen middleware
2020-06-17 16:15:57,032 INFO 2620 [egg-security] use nosniff middleware
2020-06-17 16:15:57,033 INFO 2620 [egg-security] use xssProtection middleware
2020-06-17 16:15:57,033 INFO 2620 [egg-security] use xframe middleware
2020-06-17 16:15:57,034 INFO 2620 [egg-security] use dta middleware
2020-06-17 16:15:57,034 INFO 2620 [egg-security] compose 7 middlewares into one security middleware
2020-06-17 16:15:57,044 INFO 2620 [egg:core] dump config after load, 5ms
2020-06-17 16:15:57,059 INFO 2620 [egg-watcher:application] watcher start success
2020-06-17 16:15:57,066 INFO 2620 [egg:core] dump config after ready, 5ms
2020-06-17 16:15:59,907 INFO 2620 [egg-view-nunjucks] loading templates from ["D:\\workspace\\my-egg\\app\\view"]
2020-06-17 16:16:42,849 INFO 10948 [egg:logger] init all loggers with options: {"dir":"D:\\workspace\\my-egg\\logs\\my-egg","encoding":"utf8","env":"local","level":"INFO","consoleLevel":"INFO","disableConsoleAfterReady":false,"outputJSON":false,"buffer":true,"appLogName":"my-egg-web.log","coreLogName":"egg-web.log","agentLogName":"egg-agent.log","errorLogName":"common-error.log","coreLogger":{"consoleLevel":"WARN"},"allowDebugAtProd":false,"type":"application"}
2020-06-17 16:16:42,895 INFO 10948 [egg-multipart] stream mode enable
2020-06-17 16:16:43,012 INFO 10948 [egg-static] starting static serve /public/ -> D:\workspace\my-egg\app\public
2020-06-17 16:16:43,017 INFO 10948 [egg-security] use csrf middleware
2020-06-17 16:16:43,018 INFO 10948 [egg-security] use methodnoallow middleware
2020-06-17 16:16:43,019 INFO 10948 [egg-security] use noopen middleware
2020-06-17 16:16:43,020 INFO 10948 [egg-security] use nosniff middleware
2020-06-17 16:16:43,021 INFO 10948 [egg-security] use xssProtection middleware
2020-06-17 16:16:43,022 INFO 10948 [egg-security] use xframe middleware
2020-06-17 16:16:43,022 INFO 10948 [egg-security] use dta middleware
2020-06-17 16:16:43,023 INFO 10948 [egg-security] compose 7 middlewares into one security middleware
2020-06-17 16:16:43,039 INFO 10948 [egg:core] dump config after load, 9ms
2020-06-17 16:16:43,054 INFO 10948 [egg-watcher:application] watcher start success
2020-06-17 16:16:43,061 INFO 10948 [egg:core] dump config after ready, 5ms
2020-06-17 16:16:48,821 INFO 10948 [egg-view-nunjucks] loading templates from ["D:\\workspace\\my-egg\\app\\view"]
2020-06-17 16:17:22,203 INFO 11700 [egg:logger] init all loggers with options: {"dir":"D:\\workspace\\my-egg\\logs\\my-egg","encoding":"utf8","env":"local","level":"INFO","consoleLevel":"INFO","disableConsoleAfterReady":false,"outputJSON":false,"buffer":true,"appLogName":"my-egg-web.log","coreLogName":"egg-web.log","agentLogName":"egg-agent.log","errorLogName":"common-error.log","coreLogger":{"consoleLevel":"WARN"},"allowDebugAtProd":false,"type":"application"}
2020-06-17 16:17:22,241 INFO 11700 [egg-multipart] stream mode enable
2020-06-17 16:17:22,314 INFO 11700 [egg-static] starting static serve /public/ -> D:\workspace\my-egg\app\public
2020-06-17 16:17:22,317 INFO 11700 [egg-security] use csrf middleware
2020-06-17 16:17:22,318 INFO 11700 [egg-security] use methodnoallow middleware
2020-06-17 16:17:22,319 INFO 11700 [egg-security] use noopen middleware
2020-06-17 16:17:22,320 INFO 11700 [egg-security] use nosniff middleware
2020-06-17 16:17:22,322 INFO 11700 [egg-security] use xssProtection middleware
2020-06-17 16:17:22,322 INFO 11700 [egg-security] use xframe middleware
2020-06-17 16:17:22,322 INFO 11700 [egg-security] use dta middleware
2020-06-17 16:17:22,322 INFO 11700 [egg-security] compose 7 middlewares into one security middleware
2020-06-17 16:17:22,335 INFO 11700 [egg:core] dump config after load, 7ms
2020-06-17 16:17:22,350 INFO 11700 [egg-watcher:application] watcher start success
2020-06-17 16:17:22,358 INFO 11700 [egg:core] dump config after ready, 6ms
2020-06-17 16:17:24,972 INFO 11700 [egg-view-nunjucks] loading templates from ["D:\\workspace\\my-egg\\app\\view"]
2020-06-17 16:17:54,065 INFO 2552 [egg:logger] init all loggers with options: {"dir":"D:\\workspace\\my-egg\\logs\\my-egg","encoding":"utf8","env":"local","level":"INFO","consoleLevel":"INFO","disableConsoleAfterReady":false,"outputJSON":false,"buffer":true,"appLogName":"my-egg-web.log","coreLogName":"egg-web.log","agentLogName":"egg-agent.log","errorLogName":"common-error.log","coreLogger":{"consoleLevel":"WARN"},"allowDebugAtProd":false,"type":"application"}
2020-06-17 16:17:54,115 INFO 2552 [egg-multipart] stream mode enable
2020-06-17 16:17:54,196 INFO 2552 [egg-static] starting static serve /public/ -> D:\workspace\my-egg\app\public
2020-06-17 16:17:54,199 INFO 2552 [egg-security] use csrf middleware
2020-06-17 16:17:54,201 INFO 2552 [egg-security] use methodnoallow middleware
2020-06-17 16:17:54,201 INFO 2552 [egg-security] use noopen middleware
2020-06-17 16:17:54,202 INFO 2552 [egg-security] use nosniff middleware
2020-06-17 16:17:54,202 INFO 2552 [egg-security] use xssProtection middleware
2020-06-17 16:17:54,203 INFO 2552 [egg-security] use xframe middleware
2020-06-17 16:17:54,203 INFO 2552 [egg-security] use dta middleware
2020-06-17 16:17:54,203 INFO 2552 [egg-security] compose 7 middlewares into one security middleware
2020-06-17 16:17:54,218 INFO 2552 [egg:core] dump config after load, 9ms
2020-06-17 16:17:54,236 INFO 2552 [egg-watcher:application] watcher start success
2020-06-17 16:17:54,243 INFO 2552 [egg:core] dump config after ready, 5ms
2020-06-17 16:17:58,757 INFO 2552 [egg-view-nunjucks] loading templates from ["D:\\workspace\\my-egg\\app\\view"]
2020-06-17 16:18:20,279 INFO 11888 [egg:logger] init all loggers with options: {"dir":"D:\\workspace\\my-egg\\logs\\my-egg","encoding":"utf8","env":"local","level":"INFO","consoleLevel":"INFO","disableConsoleAfterReady":false,"outputJSON":false,"buffer":true,"appLogName":"my-egg-web.log","coreLogName":"egg-web.log","agentLogName":"egg-agent.log","errorLogName":"common-error.log","coreLogger":{"consoleLevel":"WARN"},"allowDebugAtProd":false,"type":"application"}
2020-06-17 16:18:20,314 INFO 11888 [egg-multipart] stream mode enable
2020-06-17 16:18:20,385 INFO 11888 [egg-static] starting static serve /public/ -> D:\workspace\my-egg\app\public
2020-06-17 16:18:20,387 INFO 11888 [egg-security] use csrf middleware
2020-06-17 16:18:20,388 INFO 11888 [egg-security] use methodnoallow middleware
2020-06-17 16:18:20,389 INFO 11888 [egg-security] use noopen middleware
2020-06-17 16:18:20,389 INFO 11888 [egg-security] use nosniff middleware
2020-06-17 16:18:20,390 INFO 11888 [egg-security] use xssProtection middleware
2020-06-17 16:18:20,390 INFO 11888 [egg-security] use xframe middleware
2020-06-17 16:18:20,391 INFO 11888 [egg-security] use dta middleware
2020-06-17 16:18:20,391 INFO 11888 [egg-security] compose 7 middlewares into one security middleware
2020-06-17 16:18:20,401 INFO 11888 [egg:core] dump config after load, 6ms
2020-06-17 16:18:20,416 INFO 11888 [egg-watcher:application] watcher start success
2020-06-17 16:18:20,425 INFO 11888 [egg:core] dump config after ready, 6ms
2020-06-17 16:18:23,678 INFO 11888 [egg-view-nunjucks] loading templates from ["D:\\workspace\\my-egg\\app\\view"]
2020-06-17 16:20:26,453 INFO 7660 [egg:logger] init all loggers with options: {"dir":"D:\\workspace\\my-egg\\logs\\my-egg","encoding":"utf8","env":"local","level":"INFO","consoleLevel":"INFO","disableConsoleAfterReady":false,"outputJSON":false,"buffer":true,"appLogName":"my-egg-web.log","coreLogName":"egg-web.log","agentLogName":"egg-agent.log","errorLogName":"common-error.log","coreLogger":{"consoleLevel":"WARN"},"allowDebugAtProd":false,"type":"application"}
2020-06-17 16:20:26,493 INFO 7660 [egg-multipart] stream mode enable
2020-06-17 16:20:26,580 INFO 7660 [egg-static] starting static serve /public/ -> D:\workspace\my-egg\app\public
2020-06-17 16:20:26,583 INFO 7660 [egg-security] use csrf middleware
2020-06-17 16:20:26,584 INFO 7660 [egg-security] use methodnoallow middleware
2020-06-17 16:20:26,585 INFO 7660 [egg-security] use noopen middleware
2020-06-17 16:20:26,586 INFO 7660 [egg-security] use nosniff middleware
2020-06-17 16:20:26,587 INFO 7660 [egg-security] use xssProtection middleware
2020-06-17 16:20:26,587 INFO 7660 [egg-security] use xframe middleware
2020-06-17 16:20:26,588 INFO 7660 [egg-security] use dta middleware
2020-06-17 16:20:26,588 INFO 7660 [egg-security] compose 7 middlewares into one security middleware
2020-06-17 16:20:26,601 INFO 7660 [egg:core] dump config after load, 9ms
2020-06-17 16:20:26,620 INFO 7660 [egg-watcher:application] watcher start success
2020-06-17 16:20:26,628 INFO 7660 [egg:core] dump config after ready, 5ms
2020-06-17 16:20:31,929 INFO 6512 [egg:logger] init all loggers with options: {"dir":"D:\\workspace\\my-egg\\logs\\my-egg","encoding":"utf8","env":"local","level":"INFO","consoleLevel":"INFO","disableConsoleAfterReady":false,"outputJSON":false,"buffer":true,"appLogName":"my-egg-web.log","coreLogName":"egg-web.log","agentLogName":"egg-agent.log","errorLogName":"common-error.log","coreLogger":{"consoleLevel":"WARN"},"allowDebugAtProd":false,"type":"application"}
2020-06-17 16:20:31,974 INFO 6512 [egg-multipart] stream mode enable
2020-06-17 16:20:32,064 INFO 6512 [egg-static] starting static serve /public/ -> D:\workspace\my-egg\app\public
2020-06-17 16:20:32,068 INFO 6512 [egg-security] use csrf middleware
2020-06-17 16:20:32,070 INFO 6512 [egg-security] use methodnoallow middleware
2020-06-17 16:20:32,071 INFO 6512 [egg-security] use noopen middleware
2020-06-17 16:20:32,072 INFO 6512 [egg-security] use nosniff middleware
2020-06-17 16:20:32,073 INFO 6512 [egg-security] use xssProtection middleware
2020-06-17 16:20:32,073 INFO 6512 [egg-security] use xframe middleware
2020-06-17 16:20:32,074 INFO 6512 [egg-security] use dta middleware
2020-06-17 16:20:32,074 INFO 6512 [egg-security] compose 7 middlewares into one security middleware
2020-06-17 16:20:32,087 INFO 6512 [egg:core] dump config after load, 8ms
2020-06-17 16:20:32,105 INFO 6512 [egg-watcher:application] watcher start success
2020-06-17 16:20:32,115 INFO 6512 [egg:core] dump config after ready, 8ms
2020-06-17 16:20:38,472 INFO 6512 [egg-view-nunjucks] loading templates from ["D:\\workspace\\my-egg\\app\\view"]
2020-06-17 16:21:57,675 INFO 11812 [egg:logger] init all loggers with options: {"dir":"D:\\workspace\\my-egg\\logs\\my-egg","encoding":"utf8","env":"local","level":"INFO","consoleLevel":"INFO","disableConsoleAfterReady":false,"outputJSON":false,"buffer":true,"appLogName":"my-egg-web.log","coreLogName":"egg-web.log","agentLogName":"egg-agent.log","errorLogName":"common-error.log","coreLogger":{"consoleLevel":"WARN"},"allowDebugAtProd":false,"type":"application"}
2020-06-17 16:21:57,713 INFO 11812 [egg-multipart] stream mode enable
2020-06-17 16:21:57,789 INFO 11812 [egg-static] starting static serve /public/ -> D:\workspace\my-egg\app\public
2020-06-17 16:21:57,792 INFO 11812 [egg-security] use csrf middleware
2020-06-17 16:21:57,793 INFO 11812 [egg-security] use methodnoallow middleware
2020-06-17 16:21:57,793 INFO 11812 [egg-security] use noopen middleware
2020-06-17 16:21:57,794 INFO 11812 [egg-security] use nosniff middleware
2020-06-17 16:21:57,794 INFO 11812 [egg-security] use xssProtection middleware
2020-06-17 16:21:57,795 INFO 11812 [egg-security] use xframe middleware
2020-06-17 16:21:57,795 INFO 11812 [egg-security] use dta middleware
2020-06-17 16:21:57,795 INFO 11812 [egg-security] compose 7 middlewares into one security middleware
2020-06-17 16:21:57,810 INFO 11812 [egg:core] dump config after load, 10ms
2020-06-17 16:21:57,826 INFO 11812 [egg-watcher:application] watcher start success
2020-06-17 16:21:57,833 INFO 11812 [egg:core] dump config after ready, 4ms
2020-06-17 16:22:02,560 INFO 3300 [egg:logger] init all loggers with options: {"dir":"D:\\workspace\\my-egg\\logs\\my-egg","encoding":"utf8","env":"local","level":"INFO","consoleLevel":"INFO","disableConsoleAfterReady":false,"outputJSON":false,"buffer":true,"appLogName":"my-egg-web.log","coreLogName":"egg-web.log","agentLogName":"egg-agent.log","errorLogName":"common-error.log","coreLogger":{"consoleLevel":"WARN"},"allowDebugAtProd":false,"type":"application"}
2020-06-17 16:22:02,599 INFO 3300 [egg-multipart] stream mode enable
2020-06-17 16:22:02,672 INFO 3300 [egg-static] starting static serve /public/ -> D:\workspace\my-egg\app\public
2020-06-17 16:22:02,675 INFO 3300 [egg-security] use csrf middleware
2020-06-17 16:22:02,677 INFO 3300 [egg-security] use methodnoallow middleware
2020-06-17 16:22:02,677 INFO 3300 [egg-security] use noopen middleware
2020-06-17 16:22:02,678 INFO 3300 [egg-security] use nosniff middleware
2020-06-17 16:22:02,679 INFO 3300 [egg-security] use xssProtection middleware
2020-06-17 16:22:02,680 INFO 3300 [egg-security] use xframe middleware
2020-06-17 16:22:02,681 INFO 3300 [egg-security] use dta middleware
2020-06-17 16:22:02,681 INFO 3300 [egg-security] compose 7 middlewares into one security middleware
2020-06-17 16:22:02,692 INFO 3300 [egg:core] dump config after load, 7ms
2020-06-17 16:22:02,711 INFO 3300 [egg-watcher:application] watcher start success
2020-06-17 16:22:02,718 INFO 3300 [egg:core] dump config after ready, 4ms
2020-06-17 16:22:05,750 INFO 3300 [egg-view-nunjucks] loading templates from ["D:\\workspace\\my-egg\\app\\view"]
2020-06-17 16:22:33,679 INFO 2148 [egg:logger] init all loggers with options: {"dir":"D:\\workspace\\my-egg\\logs\\my-egg","encoding":"utf8","env":"local","level":"INFO","consoleLevel":"INFO","disableConsoleAfterReady":false,"outputJSON":false,"buffer":true,"appLogName":"my-egg-web.log","coreLogName":"egg-web.log","agentLogName":"egg-agent.log","errorLogName":"common-error.log","coreLogger":{"consoleLevel":"WARN"},"allowDebugAtProd":false,"type":"application"}
2020-06-17 16:22:33,737 INFO 2148 [egg-multipart] stream mode enable
2020-06-17 16:22:33,826 INFO 2148 [egg-static] starting static serve /public/ -> D:\workspace\my-egg\app\public
2020-06-17 16:22:33,830 INFO 2148 [egg-security] use csrf middleware
2020-06-17 16:22:33,831 INFO 2148 [egg-security] use methodnoallow middleware
2020-06-17 16:22:33,831 INFO 2148 [egg-security] use noopen middleware
2020-06-17 16:22:33,833 INFO 2148 [egg-security] use nosniff middleware
2020-06-17 16:22:33,833 INFO 2148 [egg-security] use xssProtection middleware
2020-06-17 16:22:33,834 INFO 2148 [egg-security] use xframe middleware
2020-06-17 16:22:33,834 INFO 2148 [egg-security] use dta middleware
2020-06-17 16:22:33,834 INFO 2148 [egg-security] compose 7 middlewares into one security middleware
2020-06-17 16:22:33,850 INFO 2148 [egg:core] dump config after load, 9ms
2020-06-17 16:22:33,869 INFO 2148 [egg-watcher:application] watcher start success
2020-06-17 16:22:33,877 INFO 2148 [egg:core] dump config after ready, 5ms
2020-06-17 16:23:05,111 INFO 2148 [egg-view-nunjucks] loading templates from ["D:\\workspace\\my-egg\\app\\view"]
2020-06-17 16:54:07,812 INFO 3324 [egg:logger] init all loggers with options: {"dir":"D:\\workspace\\my-egg\\logs\\my-egg","encoding":"utf8","env":"local","level":"INFO","consoleLevel":"INFO","disableConsoleAfterReady":false,"outputJSON":false,"buffer":true,"appLogName":"my-egg-web.log","coreLogName":"egg-web.log","agentLogName":"egg-agent.log","errorLogName":"common-error.log","coreLogger":{"consoleLevel":"WARN"},"allowDebugAtProd":false,"type":"application"}
2020-06-17 16:54:07,849 INFO 3324 [egg-multipart] stream mode enable
2020-06-17 16:54:07,928 INFO 3324 [egg-static] starting static serve /public/ -> D:\workspace\my-egg\app\public
2020-06-17 16:54:07,933 INFO 3324 [egg-security] use csrf middleware
2020-06-17 16:54:07,934 INFO 3324 [egg-security] use methodnoallow middleware
2020-06-17 16:54:07,935 INFO 3324 [egg-security] use noopen middleware
2020-06-17 16:54:07,936 INFO 3324 [egg-security] use nosniff middleware
2020-06-17 16:54:07,936 INFO 3324 [egg-security] use xssProtection middleware
2020-06-17 16:54:07,937 INFO 3324 [egg-security] use xframe middleware
2020-06-17 16:54:07,938 INFO 3324 [egg-security] use dta middleware
2020-06-17 16:54:07,938 INFO 3324 [egg-security] compose 7 middlewares into one security middleware
2020-06-17 16:54:07,955 INFO 3324 [egg:core] dump config after load, 10ms
2020-06-17 16:54:07,978 INFO 3324 [egg-watcher:application] watcher start success
2020-06-17 16:54:08,006 INFO 3324 [egg:core] dump config after ready, 25ms
2020-06-17 16:54:57,782 INFO 4580 [egg:logger] init all loggers with options: {"dir":"D:\\workspace\\my-egg\\logs\\my-egg","encoding":"utf8","env":"local","level":"INFO","consoleLevel":"INFO","disableConsoleAfterReady":false,"outputJSON":false,"buffer":true,"appLogName":"my-egg-web.log","coreLogName":"egg-web.log","agentLogName":"egg-agent.log","errorLogName":"common-error.log","coreLogger":{"consoleLevel":"WARN"},"allowDebugAtProd":false,"type":"application"}
2020-06-17 16:54:57,815 INFO 4580 [egg-multipart] stream mode enable
2020-06-17 16:54:57,899 INFO 4580 [egg-static] starting static serve /public/ -> D:\workspace\my-egg\app\public
2020-06-17 16:54:57,903 INFO 4580 [egg-security] use csrf middleware
2020-06-17 16:54:57,903 INFO 4580 [egg-security] use methodnoallow middleware
2020-06-17 16:54:57,904 INFO 4580 [egg-security] use noopen middleware
2020-06-17 16:54:57,905 INFO 4580 [egg-security] use nosniff middleware
2020-06-17 16:54:57,905 INFO 4580 [egg-security] use xssProtection middleware
2020-06-17 16:54:57,905 INFO 4580 [egg-security] use xframe middleware
2020-06-17 16:54:57,906 INFO 4580 [egg-security] use dta middleware
2020-06-17 16:54:57,906 INFO 4580 [egg-security] compose 7 middlewares into one security middleware
2020-06-17 16:54:57,917 INFO 4580 [egg:core] dump config after load, 6ms
2020-06-17 16:54:57,930 INFO 4580 [egg-watcher:application] watcher start success
2020-06-17 16:54:57,939 INFO 4580 [egg:core] dump config after ready, 6ms
2020-06-17 16:55:09,032 INFO 11916 [egg:logger] init all loggers with options: {"dir":"D:\\workspace\\my-egg\\logs\\my-egg","encoding":"utf8","env":"local","level":"INFO","consoleLevel":"INFO","disableConsoleAfterReady":false,"outputJSON":false,"buffer":true,"appLogName":"my-egg-web.log","coreLogName":"egg-web.log","agentLogName":"egg-agent.log","errorLogName":"common-error.log","coreLogger":{"consoleLevel":"WARN"},"allowDebugAtProd":false,"type":"application"}
2020-06-17 16:55:09,066 INFO 11916 [egg-multipart] stream mode enable
2020-06-17 16:55:09,140 INFO 11916 [egg-static] starting static serve /public/ -> D:\workspace\my-egg\app\public
2020-06-17 16:55:09,143 INFO 11916 [egg-security] use csrf middleware
2020-06-17 16:55:09,144 INFO 11916 [egg-security] use methodnoallow middleware
2020-06-17 16:55:09,144 INFO 11916 [egg-security] use noopen middleware
2020-06-17 16:55:09,149 INFO 11916 [egg-security] use nosniff middleware
2020-06-17 16:55:09,149 INFO 11916 [egg-security] use xssProtection middleware
2020-06-17 16:55:09,150 INFO 11916 [egg-security] use xframe middleware
2020-06-17 16:55:09,150 INFO 11916 [egg-security] use dta middleware
2020-06-17 16:55:09,150 INFO 11916 [egg-security] compose 7 middlewares into one security middleware
2020-06-17 16:55:09,162 INFO 11916 [egg:core] dump config after load, 6ms
2020-06-17 16:55:09,175 INFO 11916 [egg-watcher:application] watcher start success
2020-06-17 16:55:09,182 INFO 11916 [egg:core] dump config after ready, 5ms
2020-06-17 16:55:38,409 INFO 8448 [egg:logger] init all loggers with options: {"dir":"D:\\workspace\\my-egg\\logs\\my-egg","encoding":"utf8","env":"local","level":"INFO","consoleLevel":"INFO","disableConsoleAfterReady":false,"outputJSON":false,"buffer":true,"appLogName":"my-egg-web.log","coreLogName":"egg-web.log","agentLogName":"egg-agent.log","errorLogName":"common-error.log","coreLogger":{"consoleLevel":"WARN"},"allowDebugAtProd":false,"type":"application"}
2020-06-17 16:55:38,450 INFO 8448 [egg-multipart] stream mode enable
2020-06-17 16:55:38,525 INFO 8448 [egg-static] starting static serve /public/ -> D:\workspace\my-egg\app\public
2020-06-17 16:55:38,529 INFO 8448 [egg-security] use csrf middleware
2020-06-17 16:55:38,529 INFO 8448 [egg-security] use methodnoallow middleware
2020-06-17 16:55:38,530 INFO 8448 [egg-security] use noopen middleware
2020-06-17 16:55:38,531 INFO 8448 [egg-security] use nosniff middleware
2020-06-17 16:55:38,531 INFO 8448 [egg-security] use xssProtection middleware
2020-06-17 16:55:38,532 INFO 8448 [egg-security] use xframe middleware
2020-06-17 16:55:38,532 INFO 8448 [egg-security] use dta middleware
2020-06-17 16:55:38,532 INFO 8448 [egg-security] compose 7 middlewares into one security middleware
2020-06-17 16:55:38,543 INFO 8448 [egg:core] dump config after load, 7ms
2020-06-17 16:55:38,556 INFO 8448 [egg-watcher:application] watcher start success
2020-06-17 16:55:38,562 INFO 8448 [egg:core] dump config after ready, 4ms
2020-06-17 16:56:07,813 INFO 3960 [egg:logger] init all loggers with options: {"dir":"D:\\workspace\\my-egg\\logs\\my-egg","encoding":"utf8","env":"local","level":"INFO","consoleLevel":"INFO","disableConsoleAfterReady":false,"outputJSON":false,"buffer":true,"appLogName":"my-egg-web.log","coreLogName":"egg-web.log","agentLogName":"egg-agent.log","errorLogName":"common-error.log","coreLogger":{"consoleLevel":"WARN"},"allowDebugAtProd":false,"type":"application"}
2020-06-17 16:56:07,855 INFO 3960 [egg-multipart] stream mode enable
2020-06-17 16:56:07,936 INFO 3960 [egg-static] starting static serve /public/ -> D:\workspace\my-egg\app\public
2020-06-17 16:56:07,938 INFO 3960 [egg-security] use csrf middleware
2020-06-17 16:56:07,943 INFO 3960 [egg-security] use methodnoallow middleware
2020-06-17 16:56:07,944 INFO 3960 [egg-security] use noopen middleware
2020-06-17 16:56:07,945 INFO 3960 [egg-security] use nosniff middleware
2020-06-17 16:56:07,946 INFO 3960 [egg-security] use xssProtection middleware
2020-06-17 16:56:07,946 INFO 3960 [egg-security] use xframe middleware
2020-06-17 16:56:07,947 INFO 3960 [egg-security] use dta middleware
2020-06-17 16:56:07,947 INFO 3960 [egg-security] compose 7 middlewares into one security middleware
2020-06-17 16:56:07,962 INFO 3960 [egg:core] dump config after load, 9ms
2020-06-17 16:56:07,982 INFO 3960 [egg-watcher:application] watcher start success
2020-06-17 16:56:07,992 INFO 3960 [egg:core] dump config after ready, 7ms
2020-06-17 16:56:26,251 INFO 9464 [egg:logger] init all loggers with options: {"dir":"D:\\workspace\\my-egg\\logs\\my-egg","encoding":"utf8","env":"local","level":"INFO","consoleLevel":"INFO","disableConsoleAfterReady":false,"outputJSON":false,"buffer":true,"appLogName":"my-egg-web.log","coreLogName":"egg-web.log","agentLogName":"egg-agent.log","errorLogName":"common-error.log","coreLogger":{"consoleLevel":"WARN"},"allowDebugAtProd":false,"type":"application"}
2020-06-17 16:56:26,291 INFO 9464 [egg-multipart] stream mode enable
2020-06-17 16:56:26,371 INFO 9464 [egg-static] starting static serve /public/ -> D:\workspace\my-egg\app\public
2020-06-17 16:56:26,373 INFO 9464 [egg-security] use csrf middleware
2020-06-17 16:56:26,374 INFO 9464 [egg-security] use methodnoallow middleware
2020-06-17 16:56:26,375 INFO 9464 [egg-security] use noopen middleware
2020-06-17 16:56:26,376 INFO 9464 [egg-security] use nosniff middleware
2020-06-17 16:56:26,376 INFO 9464 [egg-security] use xssProtection middleware
2020-06-17 16:56:26,377 INFO 9464 [egg-security] use xframe middleware
2020-06-17 16:56:26,377 INFO 9464 [egg-security] use dta middleware
2020-06-17 16:56:26,377 INFO 9464 [egg-security] compose 7 middlewares into one security middleware
2020-06-17 16:56:26,389 INFO 9464 [egg:core] dump config after load, 6ms
2020-06-17 16:56:26,403 INFO 9464 [egg-watcher:application] watcher start success
2020-06-17 16:56:26,409 INFO 9464 [egg:core] dump config after ready, 4ms
2020-06-17 16:57:25,408 INFO 3148 [egg:logger] init all loggers with options: {"dir":"D:\\workspace\\my-egg\\logs\\my-egg","encoding":"utf8","env":"local","level":"INFO","consoleLevel":"INFO","disableConsoleAfterReady":false,"outputJSON":false,"buffer":true,"appLogName":"my-egg-web.log","coreLogName":"egg-web.log","agentLogName":"egg-agent.log","errorLogName":"common-error.log","coreLogger":{"consoleLevel":"WARN"},"allowDebugAtProd":false,"type":"application"}
2020-06-17 16:57:25,441 INFO 3148 [egg-multipart] stream mode enable
2020-06-17 16:57:25,513 INFO 3148 [egg-static] starting static serve /public/ -> D:\workspace\my-egg\app\public
2020-06-17 16:57:25,516 INFO 3148 [egg-security] use csrf middleware
2020-06-17 16:57:25,517 INFO 3148 [egg-security] use methodnoallow middleware
2020-06-17 16:57:25,518 INFO 3148 [egg-security] use noopen middleware
2020-06-17 16:57:25,519 INFO 3148 [egg-security] use nosniff middleware
2020-06-17 16:57:25,519 INFO 3148 [egg-security] use xssProtection middleware
2020-06-17 16:57:25,520 INFO 3148 [egg-security] use xframe middleware
2020-06-17 16:57:25,520 INFO 3148 [egg-security] use dta middleware
2020-06-17 16:57:25,520 INFO 3148 [egg-security] compose 7 middlewares into one security middleware
2020-06-17 16:57:25,531 INFO 3148 [egg:core] dump config after load, 6ms
2020-06-17 16:57:25,545 INFO 3148 [egg-watcher:application] watcher start success
2020-06-17 16:57:25,557 INFO 3148 [egg:core] dump config after ready, 9ms
2020-06-17 16:57:41,275 INFO 11328 [egg:logger] init all loggers with options: {"dir":"D:\\workspace\\my-egg\\logs\\my-egg","encoding":"utf8","env":"local","level":"INFO","consoleLevel":"INFO","disableConsoleAfterReady":false,"outputJSON":false,"buffer":true,"appLogName":"my-egg-web.log","coreLogName":"egg-web.log","agentLogName":"egg-agent.log","errorLogName":"common-error.log","coreLogger":{"consoleLevel":"WARN"},"allowDebugAtProd":false,"type":"application"}
2020-06-17 16:57:41,319 INFO 11328 [egg-multipart] stream mode enable
2020-06-17 16:57:41,396 INFO 11328 [egg-static] starting static serve /public/ -> D:\workspace\my-egg\app\public
2020-06-17 16:57:41,400 INFO 11328 [egg-security] use csrf middleware
2020-06-17 16:57:41,401 INFO 11328 [egg-security] use methodnoallow middleware
2020-06-17 16:57:41,401 INFO 11328 [egg-security] use noopen middleware
2020-06-17 16:57:41,403 INFO 11328 [egg-security] use nosniff middleware
2020-06-17 16:57:41,403 INFO 11328 [egg-security] use xssProtection middleware
2020-06-17 16:57:41,404 INFO 11328 [egg-security] use xframe middleware
2020-06-17 16:57:41,404 INFO 11328 [egg-security] use dta middleware
2020-06-17 16:57:41,404 INFO 11328 [egg-security] compose 7 middlewares into one security middleware
2020-06-17 16:57:41,417 INFO 11328 [egg:core] dump config after load, 7ms
2020-06-17 16:57:41,432 INFO 11328 [egg-watcher:application] watcher start success
2020-06-17 16:57:41,439 INFO 11328 [egg:core] dump config after ready, 4ms
2020-06-17 16:57:49,274 INFO 12132 [egg:logger] init all loggers with options: {"dir":"D:\\workspace\\my-egg\\logs\\my-egg","encoding":"utf8","env":"local","level":"INFO","consoleLevel":"INFO","disableConsoleAfterReady":false,"outputJSON":false,"buffer":true,"appLogName":"my-egg-web.log","coreLogName":"egg-web.log","agentLogName":"egg-agent.log","errorLogName":"common-error.log","coreLogger":{"consoleLevel":"WARN"},"allowDebugAtProd":false,"type":"application"}
2020-06-17 16:57:49,316 INFO 12132 [egg-multipart] stream mode enable
2020-06-17 16:57:49,400 INFO 12132 [egg-static] starting static serve /public/ -> D:\workspace\my-egg\app\public
2020-06-17 16:57:49,403 INFO 12132 [egg-security] use csrf middleware
2020-06-17 16:57:49,404 INFO 12132 [egg-security] use methodnoallow middleware
2020-06-17 16:57:49,405 INFO 12132 [egg-security] use noopen middleware
2020-06-17 16:57:49,406 INFO 12132 [egg-security] use nosniff middleware
2020-06-17 16:57:49,407 INFO 12132 [egg-security] use xssProtection middleware
2020-06-17 16:57:49,407 INFO 12132 [egg-security] use xframe middleware
2020-06-17 16:57:49,408 INFO 12132 [egg-security] use dta middleware
2020-06-17 16:57:49,408 INFO 12132 [egg-security] compose 7 middlewares into one security middleware
2020-06-17 16:57:49,419 INFO 12132 [egg:core] dump config after load, 7ms
2020-06-17 16:57:49,434 INFO 12132 [egg-watcher:application] watcher start success
2020-06-17 16:57:49,443 INFO 12132 [egg:core] dump config after ready, 7ms
2020-06-17 16:58:02,963 INFO 5112 [egg:logger] init all loggers with options: {"dir":"D:\\workspace\\my-egg\\logs\\my-egg","encoding":"utf8","env":"local","level":"INFO","consoleLevel":"INFO","disableConsoleAfterReady":false,"outputJSON":false,"buffer":true,"appLogName":"my-egg-web.log","coreLogName":"egg-web.log","agentLogName":"egg-agent.log","errorLogName":"common-error.log","coreLogger":{"consoleLevel":"WARN"},"allowDebugAtProd":false,"type":"application"}
2020-06-17 16:58:03,012 INFO 5112 [egg-multipart] stream mode enable
2020-06-17 16:58:03,082 INFO 5112 [egg-static] starting static serve /public/ -> D:\workspace\my-egg\app\public
2020-06-17 16:58:03,085 INFO 5112 [egg-security] use csrf middleware
2020-06-17 16:58:03,086 INFO 5112 [egg-security] use methodnoallow middleware
2020-06-17 16:58:03,087 INFO 5112 [egg-security] use noopen middleware
2020-06-17 16:58:03,088 INFO 5112 [egg-security] use nosniff middleware
2020-06-17 16:58:03,088 INFO 5112 [egg-security] use xssProtection middleware
2020-06-17 16:58:03,088 INFO 5112 [egg-security] use xframe middleware
2020-06-17 16:58:03,089 INFO 5112 [egg-security] use dta middleware
2020-06-17 16:58:03,089 INFO 5112 [egg-security] compose 7 middlewares into one security middleware
2020-06-17 16:58:03,099 INFO 5112 [egg:core] dump config after load, 5ms
2020-06-17 16:58:03,113 INFO 5112 [egg-watcher:application] watcher start success
2020-06-17 16:58:03,120 INFO 5112 [egg:core] dump config after ready, 5ms
2020-06-17 16:58:48,323 INFO 812 [egg:logger] init all loggers with options: {"dir":"D:\\workspace\\my-egg\\logs\\my-egg","encoding":"utf8","env":"local","level":"INFO","consoleLevel":"INFO","disableConsoleAfterReady":false,"outputJSON":false,"buffer":true,"appLogName":"my-egg-web.log","coreLogName":"egg-web.log","agentLogName":"egg-agent.log","errorLogName":"common-error.log","coreLogger":{"consoleLevel":"WARN"},"allowDebugAtProd":false,"type":"application"}
2020-06-17 16:58:48,360 INFO 812 [egg-multipart] stream mode enable
2020-06-17 16:58:48,432 INFO 812 [egg-static] starting static serve /public/ -> D:\workspace\my-egg\app\public
2020-06-17 16:58:48,435 INFO 812 [egg-security] use csrf middleware
2020-06-17 16:58:48,436 INFO 812 [egg-security] use methodnoallow middleware
2020-06-17 16:58:48,436 INFO 812 [egg-security] use noopen middleware
2020-06-17 16:58:48,437 INFO 812 [egg-security] use nosniff middleware
2020-06-17 16:58:48,437 INFO 812 [egg-security] use xssProtection middleware
2020-06-17 16:58:48,438 INFO 812 [egg-security] use xframe middleware
2020-06-17 16:58:48,438 INFO 812 [egg-security] use dta middleware
2020-06-17 16:58:48,438 INFO 812 [egg-security] compose 7 middlewares into one security middleware
2020-06-17 16:58:48,455 INFO 812 [egg:core] dump config after load, 11ms
2020-06-17 16:58:48,469 INFO 812 [egg-watcher:application] watcher start success
2020-06-17 16:58:48,475 INFO 812 [egg:core] dump config after ready, 4ms
2020-06-17 16:59:02,453 INFO 11872 [egg:logger] init all loggers with options: {"dir":"D:\\workspace\\my-egg\\logs\\my-egg","encoding":"utf8","env":"local","level":"INFO","consoleLevel":"INFO","disableConsoleAfterReady":false,"outputJSON":false,"buffer":true,"appLogName":"my-egg-web.log","coreLogName":"egg-web.log","agentLogName":"egg-agent.log","errorLogName":"common-error.log","coreLogger":{"consoleLevel":"WARN"},"allowDebugAtProd":false,"type":"application"}
2020-06-17 16:59:02,545 INFO 11872 [egg-multipart] stream mode enable
2020-06-17 16:59:02,635 INFO 11872 [egg-static] starting static serve /public/ -> D:\workspace\my-egg\app\public
2020-06-17 16:59:02,639 INFO 11872 [egg-security] use csrf middleware
2020-06-17 16:59:02,640 INFO 11872 [egg-security] use methodnoallow middleware
2020-06-17 16:59:02,641 INFO 11872 [egg-security] use noopen middleware
2020-06-17 16:59:02,641 INFO 11872 [egg-security] use nosniff middleware
2020-06-17 16:59:02,642 INFO 11872 [egg-security] use xssProtection middleware
2020-06-17 16:59:02,642 INFO 11872 [egg-security] use xframe middleware
2020-06-17 16:59:02,643 INFO 11872 [egg-security] use dta middleware
2020-06-17 16:59:02,643 INFO 11872 [egg-security] compose 7 middlewares into one security middleware
2020-06-17 16:59:02,654 INFO 11872 [egg:core] dump config after load, 5ms
2020-06-17 16:59:02,668 INFO 11872 [egg-watcher:application] watcher start success
2020-06-17 16:59:02,675 INFO 11872 [egg:core] dump config after ready, 5ms
2020-06-17 16:59:06,338 INFO 11916 [egg:logger] init all loggers with options: {"dir":"D:\\workspace\\my-egg\\logs\\my-egg","encoding":"utf8","env":"local","level":"INFO","consoleLevel":"INFO","disableConsoleAfterReady":false,"outputJSON":false,"buffer":true,"appLogName":"my-egg-web.log","coreLogName":"egg-web.log","agentLogName":"egg-agent.log","errorLogName":"common-error.log","coreLogger":{"consoleLevel":"WARN"},"allowDebugAtProd":false,"type":"application"}
2020-06-17 16:59:06,374 INFO 11916 [egg-multipart] stream mode enable
2020-06-17 16:59:06,451 INFO 11916 [egg-static] starting static serve /public/ -> D:\workspace\my-egg\app\public
2020-06-17 16:59:06,454 INFO 11916 [egg-security] use csrf middleware
2020-06-17 16:59:06,455 INFO 11916 [egg-security] use methodnoallow middleware
2020-06-17 16:59:06,455 INFO 11916 [egg-security] use noopen middleware
2020-06-17 16:59:06,456 INFO 11916 [egg-security] use nosniff middleware
2020-06-17 16:59:06,457 INFO 11916 [egg-security] use xssProtection middleware
2020-06-17 16:59:06,457 INFO 11916 [egg-security] use xframe middleware
2020-06-17 16:59:06,457 INFO 11916 [egg-security] use dta middleware
2020-06-17 16:59:06,457 INFO 11916 [egg-security] compose 7 middlewares into one security middleware
2020-06-17 16:59:06,468 INFO 11916 [egg:core] dump config after load, 6ms
2020-06-17 16:59:06,486 INFO 11916 [egg-watcher:application] watcher start success
2020-06-17 16:59:06,494 INFO 11916 [egg:core] dump config after ready, 6ms
2020-06-17 16:59:15,457 INFO 976 [egg:logger] init all loggers with options: {"dir":"D:\\workspace\\my-egg\\logs\\my-egg","encoding":"utf8","env":"local","level":"INFO","consoleLevel":"INFO","disableConsoleAfterReady":false,"outputJSON":false,"buffer":true,"appLogName":"my-egg-web.log","coreLogName":"egg-web.log","agentLogName":"egg-agent.log","errorLogName":"common-error.log","coreLogger":{"consoleLevel":"WARN"},"allowDebugAtProd":false,"type":"application"}
2020-06-17 16:59:15,513 INFO 976 [egg-multipart] stream mode enable
2020-06-17 16:59:15,597 INFO 976 [egg-static] starting static serve /public/ -> D:\workspace\my-egg\app\public
2020-06-17 16:59:15,601 INFO 976 [egg-security] use csrf middleware
2020-06-17 16:59:15,602 INFO 976 [egg-security] use methodnoallow middleware
2020-06-17 16:59:15,603 INFO 976 [egg-security] use noopen middleware
2020-06-17 16:59:15,604 INFO 976 [egg-security] use nosniff middleware
2020-06-17 16:59:15,604 INFO 976 [egg-security] use xssProtection middleware
2020-06-17 16:59:15,605 INFO 976 [egg-security] use xframe middleware
2020-06-17 16:59:15,605 INFO 976 [egg-security] use dta middleware
2020-06-17 16:59:15,605 INFO 976 [egg-security] compose 7 middlewares into one security middleware
2020-06-17 16:59:15,617 INFO 976 [egg:core] dump config after load, 7ms
2020-06-17 16:59:15,634 INFO 976 [egg-watcher:application] watcher start success
2020-06-17 16:59:15,644 INFO 976 [egg:core] dump config after ready, 6ms
2020-06-17 16:59:18,806 INFO 11948 [egg:logger] init all loggers with options: {"dir":"D:\\workspace\\my-egg\\logs\\my-egg","encoding":"utf8","env":"local","level":"INFO","consoleLevel":"INFO","disableConsoleAfterReady":false,"outputJSON":false,"buffer":true,"appLogName":"my-egg-web.log","coreLogName":"egg-web.log","agentLogName":"egg-agent.log","errorLogName":"common-error.log","coreLogger":{"consoleLevel":"WARN"},"allowDebugAtProd":false,"type":"application"}
2020-06-17 16:59:18,846 INFO 11948 [egg-multipart] stream mode enable
2020-06-17 16:59:18,922 INFO 11948 [egg-static] starting static serve /public/ -> D:\workspace\my-egg\app\public
2020-06-17 16:59:18,925 INFO 11948 [egg-security] use csrf middleware
2020-06-17 16:59:18,926 INFO 11948 [egg-security] use methodnoallow middleware
2020-06-17 16:59:18,927 INFO 11948 [egg-security] use noopen middleware
2020-06-17 16:59:18,928 INFO 11948 [egg-security] use nosniff middleware
2020-06-17 16:59:18,928 INFO 11948 [egg-security] use xssProtection middleware
2020-06-17 16:59:18,929 INFO 11948 [egg-security] use xframe middleware
2020-06-17 16:59:18,929 INFO 11948 [egg-security] use dta middleware
2020-06-17 16:59:18,929 INFO 11948 [egg-security] compose 7 middlewares into one security middleware
2020-06-17 16:59:18,940 INFO 11948 [egg:core] dump config after load, 7ms
2020-06-17 16:59:18,953 INFO 11948 [egg-watcher:application] watcher start success
2020-06-17 16:59:18,964 INFO 11948 [egg:core] dump config after ready, 9ms
